# JRE version: Java(TM) SE Runtime Environment (8.0_121-b13) (build 1.8.0_121-b13)
# Java VM: Java HotSpot(TM) 64-Bit Server VM (25.121-b13 mixed mode windows-amd64 compressed oops)
Heap:
 PSYoungGen      total 240640K, used 169984K [0x00000000d5580000, 0x00000000e6480000, 0x0000000100000000)
  eden space 226304K, 68% used [0x00000000d5580000,0x00000000ded85c58,0x00000000e3280000)
  from space 14336K, 99% used [0x00000000e3280000,0x00000000e407a3d8,0x00000000e4080000)
  to   space 14336K, 0% used [0x00000000e4080000,0x00000000e4080000,0x00000000e4e80000)
 ParOldGen       total 68608K, used 19363K [0x0000000080000000, 0x0000000084300000, 0x00000000d5580000)
  object space 68608K, 28% used [0x0000000080000000,0x00000000812e8cb8,0x0000000084300000)
 Metaspace       used 50435K, capacity 53268K, committed 53416K, reserved 1095680K
  class space    used 6819K, capacity 7309K, committed 7344K, reserved 1048576K
GC Heap History (10 events):
Event: 3.111 GC heap before
{Heap before GC invocations=7 (full 1):
 PSYoungGen      total 71680K, used 66560K [0x00000000d5580000, 0x00000000de880000, 0x0000000100000000)
  eden space 66560K, 100% used [0x00000000d5580000,0x00000000d9680000,0x00000000d9680000)
  from space 5120K, 0% used [0x00000000d9680000,0x00000000d9680000,0x00000000d9b80000)
  to   space 8704K, 0% used [0x00000000de000000,0x00000000de000000,0x00000000de880000)
 ParOldGen       total 46592K, used 5305K [0x0000000080000000, 0x0000000082d80000, 0x00000000d5580000)
  object space 46592K, 11% used [0x0000000080000000,0x000000008052e698,0x0000000082d80000)
 Metaspace       used 25432K, capacity 26116K, committed 26288K, reserved 1073152K
  class space    used 3284K, capacity 3469K, committed 3504K, reserved 1048576K
Event: 3.124 GC heap after
Heap after GC invocations=7 (full 1):
 PSYoungGen      total 131584K, used 7249K [0x00000000d5580000, 0x00000000de780000, 0x0000000100000000)
  eden space 123904K, 0% used [0x00000000d5580000,0x00000000d5580000,0x00000000dce80000)
  from space 7680K, 94% used [0x00000000de000000,0x00000000de7145d0,0x00000000de780000)
  to   space 9216K, 0% used [0x00000000dd580000,0x00000000dd580000,0x00000000dde80000)
 ParOldGen       total 46592K, used 5377K [0x0000000080000000, 0x0000000082d80000, 0x00000000d5580000)
  object space 46592K, 11% used [0x0000000080000000,0x00000000805406a8,0x0000000082d80000)
 Metaspace       used 25432K, capacity 26116K, committed 26288K, reserved 1073152K
  class space    used 3284K, capacity 3469K, committed 3504K, reserved 1048576K
}
Event: 4.785 GC heap before
{Heap before GC invocations=8 (full 1):
 PSYoungGen      total 131584K, used 131153K [0x00000000d5580000, 0x00000000de780000, 0x0000000100000000)
  eden space 123904K, 100% used [0x00000000d5580000,0x00000000dce80000,0x00000000dce80000)
  from space 7680K, 94% used [0x00000000de000000,0x00000000de7145d0,0x00000000de780000)
  to   space 9216K, 0% used [0x00000000dd580000,0x00000000dd580000,0x00000000dde80000)
 ParOldGen       total 46592K, used 5377K [0x0000000080000000, 0x0000000082d80000, 0x00000000d5580000)
  object space 46592K, 11% used [0x0000000080000000,0x00000000805406a8,0x0000000082d80000)
 Metaspace       used 33550K, capacity 35056K, committed 35248K, reserved 1079296K
  class space    used 4374K, capacity 4693K, committed 4784K, reserved 1048576K
Event: 4.808 GC heap after
Heap after GC invocations=8 (full 1):
 PSYoungGen      total 140288K, used 9195K [0x00000000d5580000, 0x00000000e4e80000, 0x0000000100000000)
  eden space 131072K, 0% used [0x00000000d5580000,0x00000000d5580000,0x00000000dd580000)
  from space 9216K, 99% used [0x00000000dd580000,0x00000000dde7ac50,0x00000000dde80000)
  to   space 14336K, 0% used [0x00000000e4080000,0x00000000e4080000,0x00000000e4e80000)
 ParOldGen       total 46592K, used 13818K [0x0000000080000000, 0x0000000082d80000, 0x00000000d5580000)
  object space 46592K, 29% used [0x0000000080000000,0x0000000080d7e988,0x0000000082d80000)
 Metaspace       used 33550K, capacity 35056K, committed 35248K, reserved 1079296K
  class space    used 4374K, capacity 4693K, committed 4784K, reserved 1048576K
}
Event: 4.856 GC heap before
{Heap before GC invocations=9 (full 1):
 PSYoungGen      total 140288K, used 13421K [0x00000000d5580000, 0x00000000e4e80000, 0x0000000100000000)
  eden space 131072K, 3% used [0x00000000d5580000,0x00000000d59a0888,0x00000000dd580000)
  from space 9216K, 99% used [0x00000000dd580000,0x00000000dde7ac50,0x00000000dde80000)
  to   space 14336K, 0% used [0x00000000e4080000,0x00000000e4080000,0x00000000e4e80000)
 ParOldGen       total 46592K, used 13818K [0x0000000080000000, 0x0000000082d80000, 0x00000000d5580000)
  object space 46592K, 29% used [0x0000000080000000,0x0000000080d7e988,0x0000000082d80000)
 Metaspace       used 33871K, capacity 35336K, committed 35496K, reserved 1079296K
  class space    used 4411K, capacity 4697K, committed 4784K, reserved 1048576K
Event: 4.873 GC heap after
Heap after GC invocations=9 (full 1):
 PSYoungGen      total 240640K, used 9629K [0x00000000d5580000, 0x00000000e6480000, 0x0000000100000000)
  eden space 226304K, 0% used [0x00000000d5580000,0x00000000d5580000,0x00000000e3280000)
  from space 14336K, 67% used [0x00000000e4080000,0x00000000e49e7590,0x00000000e4e80000)
  to   space 14336K, 0% used [0x00000000e3280000,0x00000000e3280000,0x00000000e4080000)
 ParOldGen       total 46592K, used 13818K [0x0000000080000000, 0x0000000082d80000, 0x00000000d5580000)
  object space 46592K, 29% used [0x0000000080000000,0x0000000080d7e988,0x0000000082d80000)
 Metaspace       used 33871K, capacity 35336K, committed 35496K, reserved 1079296K
  class space    used 4411K, capacity 4697K, committed 4784K, reserved 1048576K
}
Event: 4.873 GC heap before
{Heap before GC invocations=10 (full 2):
 PSYoungGen      total 240640K, used 9629K [0x00000000d5580000, 0x00000000e6480000, 0x0000000100000000)
  eden space 226304K, 0% used [0x00000000d5580000,0x00000000d5580000,0x00000000e3280000)
  from space 14336K, 67% used [0x00000000e4080000,0x00000000e49e7590,0x00000000e4e80000)
  to   space 14336K, 0% used [0x00000000e3280000,0x00000000e3280000,0x00000000e4080000)
 ParOldGen       total 46592K, used 13818K [0x0000000080000000, 0x0000000082d80000, 0x00000000d5580000)
  object space 46592K, 29% used [0x0000000080000000,0x0000000080d7e988,0x0000000082d80000)
 Metaspace       used 33871K, capacity 35336K, committed 35496K, reserved 1079296K
  class space    used 4411K, capacity 4697K, committed 4784K, reserved 1048576K
Event: 4.934 GC heap after
Heap after GC invocations=10 (full 2):
 PSYoungGen      total 240640K, used 0K [0x00000000d5580000, 0x00000000e6480000, 0x0000000100000000)
  eden space 226304K, 0% used [0x00000000d5580000,0x00000000d5580000,0x00000000e3280000)
  from space 14336K, 0% used [0x00000000e4080000,0x00000000e4080000,0x00000000e4e80000)
  to   space 14336K, 0% used [0x00000000e3280000,0x00000000e3280000,0x00000000e4080000)
 ParOldGen       total 68608K, used 18182K [0x0000000080000000, 0x0000000084300000, 0x00000000d5580000)
  object space 68608K, 26% used [0x0000000080000000,0x00000000811c1948,0x0000000084300000)
 Metaspace       used 33871K, capacity 35336K, committed 35496K, reserved 1079296K
  class space    used 4411K, capacity 4697K, committed 4784K, reserved 1048576K
}
Event: 8.063 GC heap before
{Heap before GC invocations=11 (full 2):
 PSYoungGen      total 240640K, used 226304K [0x00000000d5580000, 0x00000000e6480000, 0x0000000100000000)
  eden space 226304K, 100% used [0x00000000d5580000,0x00000000e3280000,0x00000000e3280000)
  from space 14336K, 0% used [0x00000000e4080000,0x00000000e4080000,0x00000000e4e80000)
  to   space 14336K, 0% used [0x00000000e3280000,0x00000000e3280000,0x00000000e4080000)
 ParOldGen       total 68608K, used 18182K [0x0000000080000000, 0x0000000084300000, 0x00000000d5580000)
  object space 68608K, 26% used [0x0000000080000000,0x00000000811c1948,0x0000000084300000)
 Metaspace       used 43375K, capacity 45542K, committed 45864K, reserved 1089536K
  class space    used 5734K, capacity 6104K, committed 6192K, reserved 1048576K
Event: 8.090 GC heap after
Heap after GC invocations=11 (full 2):
 PSYoungGen      total 240640K, used 14312K [0x00000000d5580000, 0x00000000e6480000, 0x0000000100000000)
  eden space 226304K, 0% used [0x00000000d5580000,0x00000000d5580000,0x00000000e3280000)
  from space 14336K, 99% used [0x00000000e3280000,0x00000000e407a3d8,0x00000000e4080000)
  to   space 14336K, 0% used [0x00000000e4080000,0x00000000e4080000,0x00000000e4e80000)
 ParOldGen       total 68608K, used 19363K [0x0000000080000000, 0x0000000084300000, 0x00000000d5580000)
  object space 68608K, 28% used [0x0000000080000000,0x00000000812e8cb8,0x0000000084300000)
 Metaspace       used 43375K, capacity 45542K, committed 45864K, reserved 1089536K
  class space    used 5734K, capacity 6104K, committed 6192K, reserved 1048576K
}

