# JRE version: Java(TM) SE Runtime Environment (8.0_121-b13) (build 1.8.0_121-b13)
# Java VM: Java HotSpot(TM) 64-Bit Server VM (25.121-b13 mixed mode windows-amd64 compressed oops)
Heap:
 PSYoungGen      total 139776K, used 59656K [0x00000000d5580000, 0x00000000e4b80000, 0x0000000100000000)
  eden space 130560K, 38% used [0x00000000d5580000,0x00000000d86c5f40,0x00000000dd500000)
  from space 9216K, 99% used [0x00000000dd500000,0x00000000dddfc260,0x00000000dde00000)
  to   space 14848K, 0% used [0x00000000e3d00000,0x00000000e3d00000,0x00000000e4b80000)
 ParOldGen       total 45056K, used 19993K [0x0000000080000000, 0x0000000082c00000, 0x00000000d5580000)
  object space 45056K, 44% used [0x0000000080000000,0x0000000081386518,0x0000000082c00000)
 Metaspace       used 42699K, capacity 44896K, committed 44968K, reserved 1087488K
  class space    used 5650K, capacity 6027K, committed 6064K, reserved 1048576K
GC Heap History (10 events):
Event: 3.276 GC heap before
{Heap before GC invocations=7 (full 1):
 PSYoungGen      total 71680K, used 66560K [0x00000000d5580000, 0x00000000de880000, 0x0000000100000000)
  eden space 66560K, 100% used [0x00000000d5580000,0x00000000d9680000,0x00000000d9680000)
  from space 5120K, 0% used [0x00000000d9680000,0x00000000d9680000,0x00000000d9b80000)
  to   space 8704K, 0% used [0x00000000de000000,0x00000000de000000,0x00000000de880000)
 ParOldGen       total 45056K, used 5316K [0x0000000080000000, 0x0000000082c00000, 0x00000000d5580000)
  object space 45056K, 11% used [0x0000000080000000,0x0000000080531120,0x0000000082c00000)
 Metaspace       used 25486K, capacity 26174K, committed 26288K, reserved 1073152K
  class space    used 3282K, capacity 3468K, committed 3504K, reserved 1048576K
Event: 3.289 GC heap after
Heap after GC invocations=7 (full 1):
 PSYoungGen      total 133632K, used 7130K [0x00000000d5580000, 0x00000000de700000, 0x0000000100000000)
  eden space 126464K, 0% used [0x00000000d5580000,0x00000000d5580000,0x00000000dd100000)
  from space 7168K, 99% used [0x00000000de000000,0x00000000de6f6a80,0x00000000de700000)
  to   space 9216K, 0% used [0x00000000dd500000,0x00000000dd500000,0x00000000dde00000)
 ParOldGen       total 45056K, used 5388K [0x0000000080000000, 0x0000000082c00000, 0x00000000d5580000)
  object space 45056K, 11% used [0x0000000080000000,0x0000000080543130,0x0000000082c00000)
 Metaspace       used 25486K, capacity 26174K, committed 26288K, reserved 1073152K
  class space    used 3282K, capacity 3468K, committed 3504K, reserved 1048576K
}
Event: 5.002 GC heap before
{Heap before GC invocations=8 (full 1):
 PSYoungGen      total 133632K, used 133594K [0x00000000d5580000, 0x00000000de700000, 0x0000000100000000)
  eden space 126464K, 100% used [0x00000000d5580000,0x00000000dd100000,0x00000000dd100000)
  from space 7168K, 99% used [0x00000000de000000,0x00000000de6f6a80,0x00000000de700000)
  to   space 9216K, 0% used [0x00000000dd500000,0x00000000dd500000,0x00000000dde00000)
 ParOldGen       total 45056K, used 5388K [0x0000000080000000, 0x0000000082c00000, 0x00000000d5580000)
  object space 45056K, 11% used [0x0000000080000000,0x0000000080543130,0x0000000082c00000)
 Metaspace       used 33554K, capacity 35014K, committed 35248K, reserved 1079296K
  class space    used 4366K, capacity 4660K, committed 4784K, reserved 1048576K
Event: 5.023 GC heap after
Heap after GC invocations=8 (full 1):
 PSYoungGen      total 139776K, used 9184K [0x00000000d5580000, 0x00000000e5900000, 0x0000000100000000)
  eden space 130560K, 0% used [0x00000000d5580000,0x00000000d5580000,0x00000000dd500000)
  from space 9216K, 99% used [0x00000000dd500000,0x00000000dddf8020,0x00000000dde00000)
  to   space 14336K, 0% used [0x00000000e4b00000,0x00000000e4b00000,0x00000000e5900000)
 ParOldGen       total 45056K, used 13884K [0x0000000080000000, 0x0000000082c00000, 0x00000000d5580000)
  object space 45056K, 30% used [0x0000000080000000,0x0000000080d8f030,0x0000000082c00000)
 Metaspace       used 33554K, capacity 35014K, committed 35248K, reserved 1079296K
  class space    used 4366K, capacity 4660K, committed 4784K, reserved 1048576K
}
Event: 5.063 GC heap before
{Heap before GC invocations=9 (full 1):
 PSYoungGen      total 139776K, used 13199K [0x00000000d5580000, 0x00000000e5900000, 0x0000000100000000)
  eden space 130560K, 3% used [0x00000000d5580000,0x00000000d596bc70,0x00000000dd500000)
  from space 9216K, 99% used [0x00000000dd500000,0x00000000dddf8020,0x00000000dde00000)
  to   space 14336K, 0% used [0x00000000e4b00000,0x00000000e4b00000,0x00000000e5900000)
 ParOldGen       total 45056K, used 13884K [0x0000000080000000, 0x0000000082c00000, 0x00000000d5580000)
  object space 45056K, 30% used [0x0000000080000000,0x0000000080d8f030,0x0000000082c00000)
 Metaspace       used 33866K, capacity 35320K, committed 35496K, reserved 1079296K
  class space    used 4407K, capacity 4695K, committed 4784K, reserved 1048576K
Event: 5.077 GC heap after
Heap after GC invocations=9 (full 1):
 PSYoungGen      total 144896K, used 9590K [0x00000000d5580000, 0x00000000e5900000, 0x0000000100000000)
  eden space 130560K, 0% used [0x00000000d5580000,0x00000000d5580000,0x00000000dd500000)
  from space 14336K, 66% used [0x00000000e4b00000,0x00000000e545dac0,0x00000000e5900000)
  to   space 9216K, 0% used [0x00000000dd500000,0x00000000dd500000,0x00000000dde00000)
 ParOldGen       total 45056K, used 13884K [0x0000000080000000, 0x0000000082c00000, 0x00000000d5580000)
  object space 45056K, 30% used [0x0000000080000000,0x0000000080d8f030,0x0000000082c00000)
 Metaspace       used 33866K, capacity 35320K, committed 35496K, reserved 1079296K
  class space    used 4407K, capacity 4695K, committed 4784K, reserved 1048576K
}
Event: 5.077 GC heap before
{Heap before GC invocations=10 (full 2):
 PSYoungGen      total 144896K, used 9590K [0x00000000d5580000, 0x00000000e5900000, 0x0000000100000000)
  eden space 130560K, 0% used [0x00000000d5580000,0x00000000d5580000,0x00000000dd500000)
  from space 14336K, 66% used [0x00000000e4b00000,0x00000000e545dac0,0x00000000e5900000)
  to   space 9216K, 0% used [0x00000000dd500000,0x00000000dd500000,0x00000000dde00000)
 ParOldGen       total 45056K, used 13884K [0x0000000080000000, 0x0000000082c00000, 0x00000000d5580000)
  object space 45056K, 30% used [0x0000000080000000,0x0000000080d8f030,0x0000000082c00000)
 Metaspace       used 33866K, capacity 35320K, committed 35496K, reserved 1079296K
  class space    used 4407K, capacity 4695K, committed 4784K, reserved 1048576K
Event: 5.142 GC heap after
Heap after GC invocations=10 (full 2):
 PSYoungGen      total 144896K, used 0K [0x00000000d5580000, 0x00000000e5900000, 0x0000000100000000)
  eden space 130560K, 0% used [0x00000000d5580000,0x00000000d5580000,0x00000000dd500000)
  from space 14336K, 0% used [0x00000000e4b00000,0x00000000e4b00000,0x00000000e5900000)
  to   space 9216K, 0% used [0x00000000dd500000,0x00000000dd500000,0x00000000dde00000)
 ParOldGen       total 45056K, used 18151K [0x0000000080000000, 0x0000000082c00000, 0x00000000d5580000)
  object space 45056K, 40% used [0x0000000080000000,0x00000000811b9ce0,0x0000000082c00000)
 Metaspace       used 33866K, capacity 35320K, committed 35496K, reserved 1079296K
  class space    used 4407K, capacity 4695K, committed 4784K, reserved 1048576K
}
Event: 7.154 GC heap before
{Heap before GC invocations=11 (full 2):
 PSYoungGen      total 144896K, used 130560K [0x00000000d5580000, 0x00000000e5900000, 0x0000000100000000)
  eden space 130560K, 100% used [0x00000000d5580000,0x00000000dd500000,0x00000000dd500000)
  from space 14336K, 0% used [0x00000000e4b00000,0x00000000e4b00000,0x00000000e5900000)
  to   space 9216K, 0% used [0x00000000dd500000,0x00000000dd500000,0x00000000dde00000)
 ParOldGen       total 45056K, used 18151K [0x0000000080000000, 0x0000000082c00000, 0x00000000d5580000)
  object space 45056K, 40% used [0x0000000080000000,0x00000000811b9ce0,0x0000000082c00000)
 Metaspace       used 41528K, capacity 43564K, committed 43816K, reserved 1087488K
  class space    used 5471K, capacity 5843K, committed 5936K, reserved 1048576K
Event: 7.167 GC heap after
Heap after GC invocations=11 (full 2):
 PSYoungGen      total 139776K, used 9200K [0x00000000d5580000, 0x00000000e4b80000, 0x0000000100000000)
  eden space 130560K, 0% used [0x00000000d5580000,0x00000000d5580000,0x00000000dd500000)
  from space 9216K, 99% used [0x00000000dd500000,0x00000000dddfc260,0x00000000dde00000)
  to   space 14848K, 0% used [0x00000000e3d00000,0x00000000e3d00000,0x00000000e4b80000)
 ParOldGen       total 45056K, used 19993K [0x0000000080000000, 0x0000000082c00000, 0x00000000d5580000)
  object space 45056K, 44% used [0x0000000080000000,0x0000000081386518,0x0000000082c00000)
 Metaspace       used 41528K, capacity 43564K, committed 43816K, reserved 1087488K
  class space    used 5471K, capacity 5843K, committed 5936K, reserved 1048576K
}

