# JRE version: Java(TM) SE Runtime Environment (8.0_121-b13) (build 1.8.0_121-b13)
# Java VM: Java HotSpot(TM) 64-Bit Server VM (25.121-b13 mixed mode windows-amd64 compressed oops)
Heap:
 PSYoungGen      total 38400K, used 23482K [0x00000000d5580000, 0x00000000d8000000, 0x0000000100000000)
  eden space 33280K, 62% used [0x00000000d5580000,0x00000000d69f61e0,0x00000000d7600000)
  from space 5120K, 49% used [0x00000000d7b00000,0x00000000d7d78860,0x00000000d8000000)
  to   space 5120K, 0% used [0x00000000d7600000,0x00000000d7600000,0x00000000d7b00000)
 ParOldGen       total 49152K, used 17883K [0x0000000080000000, 0x0000000083000000, 0x00000000d5580000)
  object space 49152K, 36% used [0x0000000080000000,0x0000000081176ef8,0x0000000083000000)
 Metaspace       used 35777K, capacity 37472K, committed 37720K, reserved 1081344K
  class space    used 4650K, capacity 4959K, committed 4992K, reserved 1048576K
GC Heap History (10 events):
Event: 4.411 GC heap before
{Heap before GC invocations=10 (full 1):
 PSYoungGen      total 38400K, used 38385K [0x00000000d5580000, 0x00000000d8000000, 0x0000000100000000)
  eden space 33280K, 100% used [0x00000000d5580000,0x00000000d7600000,0x00000000d7600000)
  from space 5120K, 99% used [0x00000000d7b00000,0x00000000d7ffc7b8,0x00000000d8000000)
  to   space 5120K, 0% used [0x00000000d7600000,0x00000000d7600000,0x00000000d7b00000)
 ParOldGen       total 49152K, used 7675K [0x0000000080000000, 0x0000000083000000, 0x00000000d5580000)
  object space 49152K, 15% used [0x0000000080000000,0x000000008077eec8,0x0000000083000000)
 Metaspace       used 29963K, capacity 31066K, committed 31360K, reserved 1077248K
  class space    used 3878K, capacity 4122K, committed 4224K, reserved 1048576K
Event: 4.421 GC heap after
Heap after GC invocations=10 (full 1):
 PSYoungGen      total 38400K, used 5104K [0x00000000d5580000, 0x00000000d8000000, 0x0000000100000000)
  eden space 33280K, 0% used [0x00000000d5580000,0x00000000d5580000,0x00000000d7600000)
  from space 5120K, 99% used [0x00000000d7600000,0x00000000d7afc010,0x00000000d7b00000)
  to   space 5120K, 0% used [0x00000000d7b00000,0x00000000d7b00000,0x00000000d8000000)
 ParOldGen       total 49152K, used 10246K [0x0000000080000000, 0x0000000083000000, 0x00000000d5580000)
  object space 49152K, 20% used [0x0000000080000000,0x0000000080a01888,0x0000000083000000)
 Metaspace       used 29963K, capacity 31066K, committed 31360K, reserved 1077248K
  class space    used 3878K, capacity 4122K, committed 4224K, reserved 1048576K
}
Event: 4.803 GC heap before
{Heap before GC invocations=11 (full 1):
 PSYoungGen      total 38400K, used 38384K [0x00000000d5580000, 0x00000000d8000000, 0x0000000100000000)
  eden space 33280K, 100% used [0x00000000d5580000,0x00000000d7600000,0x00000000d7600000)
  from space 5120K, 99% used [0x00000000d7600000,0x00000000d7afc010,0x00000000d7b00000)
  to   space 5120K, 0% used [0x00000000d7b00000,0x00000000d7b00000,0x00000000d8000000)
 ParOldGen       total 49152K, used 10246K [0x0000000080000000, 0x0000000083000000, 0x00000000d5580000)
  object space 49152K, 20% used [0x0000000080000000,0x0000000080a01888,0x0000000083000000)
 Metaspace       used 31449K, capacity 32904K, committed 33152K, reserved 1077248K
  class space    used 4096K, capacity 4367K, committed 4480K, reserved 1048576K
Event: 4.822 GC heap after
Heap after GC invocations=11 (full 1):
 PSYoungGen      total 38400K, used 3716K [0x00000000d5580000, 0x00000000d8000000, 0x0000000100000000)
  eden space 33280K, 0% used [0x00000000d5580000,0x00000000d5580000,0x00000000d7600000)
  from space 5120K, 72% used [0x00000000d7b00000,0x00000000d7ea1270,0x00000000d8000000)
  to   space 5120K, 0% used [0x00000000d7600000,0x00000000d7600000,0x00000000d7b00000)
 ParOldGen       total 49152K, used 13826K [0x0000000080000000, 0x0000000083000000, 0x00000000d5580000)
  object space 49152K, 28% used [0x0000000080000000,0x0000000080d808b8,0x0000000083000000)
 Metaspace       used 31449K, capacity 32904K, committed 33152K, reserved 1077248K
  class space    used 4096K, capacity 4367K, committed 4480K, reserved 1048576K
}
Event: 5.278 GC heap before
{Heap before GC invocations=12 (full 1):
 PSYoungGen      total 38400K, used 26850K [0x00000000d5580000, 0x00000000d8000000, 0x0000000100000000)
  eden space 33280K, 69% used [0x00000000d5580000,0x00000000d6c17738,0x00000000d7600000)
  from space 5120K, 72% used [0x00000000d7b00000,0x00000000d7ea1270,0x00000000d8000000)
  to   space 5120K, 0% used [0x00000000d7600000,0x00000000d7600000,0x00000000d7b00000)
 ParOldGen       total 49152K, used 13826K [0x0000000080000000, 0x0000000083000000, 0x00000000d5580000)
  object space 49152K, 28% used [0x0000000080000000,0x0000000080d808b8,0x0000000083000000)
 Metaspace       used 33845K, capacity 35320K, committed 35416K, reserved 1079296K
  class space    used 4403K, capacity 4695K, committed 4736K, reserved 1048576K
Event: 5.289 GC heap after
Heap after GC invocations=12 (full 1):
 PSYoungGen      total 38400K, used 5119K [0x00000000d5580000, 0x00000000d8000000, 0x0000000100000000)
  eden space 33280K, 0% used [0x00000000d5580000,0x00000000d5580000,0x00000000d7600000)
  from space 5120K, 99% used [0x00000000d7600000,0x00000000d7affd90,0x00000000d7b00000)
  to   space 5120K, 0% used [0x00000000d7b00000,0x00000000d7b00000,0x00000000d8000000)
 ParOldGen       total 49152K, used 17564K [0x0000000080000000, 0x0000000083000000, 0x00000000d5580000)
  object space 49152K, 35% used [0x0000000080000000,0x0000000081127348,0x0000000083000000)
 Metaspace       used 33845K, capacity 35320K, committed 35416K, reserved 1079296K
  class space    used 4403K, capacity 4695K, committed 4736K, reserved 1048576K
}
Event: 5.289 GC heap before
{Heap before GC invocations=13 (full 2):
 PSYoungGen      total 38400K, used 5119K [0x00000000d5580000, 0x00000000d8000000, 0x0000000100000000)
  eden space 33280K, 0% used [0x00000000d5580000,0x00000000d5580000,0x00000000d7600000)
  from space 5120K, 99% used [0x00000000d7600000,0x00000000d7affd90,0x00000000d7b00000)
  to   space 5120K, 0% used [0x00000000d7b00000,0x00000000d7b00000,0x00000000d8000000)
 ParOldGen       total 49152K, used 17564K [0x0000000080000000, 0x0000000083000000, 0x00000000d5580000)
  object space 49152K, 35% used [0x0000000080000000,0x0000000081127348,0x0000000083000000)
 Metaspace       used 33845K, capacity 35320K, committed 35416K, reserved 1079296K
  class space    used 4403K, capacity 4695K, committed 4736K, reserved 1048576K
Event: 5.401 GC heap after
Heap after GC invocations=13 (full 2):
 PSYoungGen      total 38400K, used 0K [0x00000000d5580000, 0x00000000d8000000, 0x0000000100000000)
  eden space 33280K, 0% used [0x00000000d5580000,0x00000000d5580000,0x00000000d7600000)
  from space 5120K, 0% used [0x00000000d7600000,0x00000000d7600000,0x00000000d7b00000)
  to   space 5120K, 0% used [0x00000000d7b00000,0x00000000d7b00000,0x00000000d8000000)
 ParOldGen       total 49152K, used 17875K [0x0000000080000000, 0x0000000083000000, 0x00000000d5580000)
  object space 49152K, 36% used [0x0000000080000000,0x0000000081174ef8,0x0000000083000000)
 Metaspace       used 33845K, capacity 35320K, committed 35416K, reserved 1079296K
  class space    used 4403K, capacity 4695K, committed 4736K, reserved 1048576K
}
Event: 5.886 GC heap before
{Heap before GC invocations=14 (full 2):
 PSYoungGen      total 38400K, used 33280K [0x00000000d5580000, 0x00000000d8000000, 0x0000000100000000)
  eden space 33280K, 100% used [0x00000000d5580000,0x00000000d7600000,0x00000000d7600000)
  from space 5120K, 0% used [0x00000000d7600000,0x00000000d7600000,0x00000000d7b00000)
  to   space 5120K, 0% used [0x00000000d7b00000,0x00000000d7b00000,0x00000000d8000000)
 ParOldGen       total 49152K, used 17875K [0x0000000080000000, 0x0000000083000000, 0x00000000d5580000)
  object space 49152K, 36% used [0x0000000080000000,0x0000000081174ef8,0x0000000083000000)
 Metaspace       used 35307K, capacity 36850K, committed 37208K, reserved 1081344K
  class space    used 4564K, capacity 4872K, committed 4992K, reserved 1048576K
Event: 5.891 GC heap after
Heap after GC invocations=14 (full 2):
 PSYoungGen      total 38400K, used 2530K [0x00000000d5580000, 0x00000000d8000000, 0x0000000100000000)
  eden space 33280K, 0% used [0x00000000d5580000,0x00000000d5580000,0x00000000d7600000)
  from space 5120K, 49% used [0x00000000d7b00000,0x00000000d7d78860,0x00000000d8000000)
  to   space 5120K, 0% used [0x00000000d7600000,0x00000000d7600000,0x00000000d7b00000)
 ParOldGen       total 49152K, used 17883K [0x0000000080000000, 0x0000000083000000, 0x00000000d5580000)
  object space 49152K, 36% used [0x0000000080000000,0x0000000081176ef8,0x0000000083000000)
 Metaspace       used 35307K, capacity 36850K, committed 37208K, reserved 1081344K
  class space    used 4564K, capacity 4872K, committed 4992K, reserved 1048576K
}

