# JRE version: Java(TM) SE Runtime Environment (8.0_121-b13) (build 1.8.0_121-b13)
# Java VM: Java HotSpot(TM) 64-Bit Server VM (25.121-b13 mixed mode windows-amd64 compressed oops)
Heap:
 PSYoungGen      total 140288K, used 23711K [0x00000000d5580000, 0x00000000e1c80000, 0x0000000100000000)
  eden space 131072K, 11% used [0x00000000d5580000,0x00000000d63a8b10,0x00000000dd580000)
  from space 9216K, 99% used [0x00000000dd580000,0x00000000dde7f230,0x00000000dde80000)
  to   space 14848K, 0% used [0x00000000e0e00000,0x00000000e0e00000,0x00000000e1c80000)
 ParOldGen       total 71168K, used 18596K [0x0000000080000000, 0x0000000084580000, 0x00000000d5580000)
  object space 71168K, 26% used [0x0000000080000000,0x0000000081229348,0x0000000084580000)
 Metaspace       used 41799K, capacity 43848K, committed 43992K, reserved 1087488K
  class space    used 5516K, capacity 5887K, committed 5888K, reserved 1048576K
GC Heap History (10 events):
Event: 2.873 GC heap before
{Heap before GC invocations=7 (full 1):
 PSYoungGen      total 71680K, used 66560K [0x00000000d5580000, 0x00000000de880000, 0x0000000100000000)
  eden space 66560K, 100% used [0x00000000d5580000,0x00000000d9680000,0x00000000d9680000)
  from space 5120K, 0% used [0x00000000d9680000,0x00000000d9680000,0x00000000d9b80000)
  to   space 8704K, 0% used [0x00000000de000000,0x00000000de000000,0x00000000de880000)
 ParOldGen       total 47104K, used 5290K [0x0000000080000000, 0x0000000082e00000, 0x00000000d5580000)
  object space 47104K, 11% used [0x0000000080000000,0x000000008052aa30,0x0000000082e00000)
 Metaspace       used 25604K, capacity 26370K, committed 26624K, reserved 1073152K
  class space    used 3304K, capacity 3484K, committed 3584K, reserved 1048576K
Event: 2.884 GC heap after
Heap after GC invocations=7 (full 1):
 PSYoungGen      total 129536K, used 7459K [0x00000000d5580000, 0x00000000de780000, 0x0000000100000000)
  eden space 121856K, 0% used [0x00000000d5580000,0x00000000d5580000,0x00000000dcc80000)
  from space 7680K, 97% used [0x00000000de000000,0x00000000de748ca0,0x00000000de780000)
  to   space 9216K, 0% used [0x00000000dd580000,0x00000000dd580000,0x00000000dde80000)
 ParOldGen       total 47104K, used 5298K [0x0000000080000000, 0x0000000082e00000, 0x00000000d5580000)
  object space 47104K, 11% used [0x0000000080000000,0x000000008052ca30,0x0000000082e00000)
 Metaspace       used 25604K, capacity 26370K, committed 26624K, reserved 1073152K
  class space    used 3304K, capacity 3484K, committed 3584K, reserved 1048576K
}
Event: 4.652 GC heap before
{Heap before GC invocations=8 (full 1):
 PSYoungGen      total 129536K, used 129315K [0x00000000d5580000, 0x00000000de780000, 0x0000000100000000)
  eden space 121856K, 100% used [0x00000000d5580000,0x00000000dcc80000,0x00000000dcc80000)
  from space 7680K, 97% used [0x00000000de000000,0x00000000de748ca0,0x00000000de780000)
  to   space 9216K, 0% used [0x00000000dd580000,0x00000000dd580000,0x00000000dde80000)
 ParOldGen       total 47104K, used 5298K [0x0000000080000000, 0x0000000082e00000, 0x00000000d5580000)
  object space 47104K, 11% used [0x0000000080000000,0x000000008052ca30,0x0000000082e00000)
 Metaspace       used 33355K, capacity 34824K, committed 34944K, reserved 1079296K
  class space    used 4351K, capacity 4659K, committed 4736K, reserved 1048576K
Event: 4.674 GC heap after
Heap after GC invocations=8 (full 1):
 PSYoungGen      total 131072K, used 9213K [0x00000000d5580000, 0x00000000de780000, 0x0000000100000000)
  eden space 121856K, 0% used [0x00000000d5580000,0x00000000d5580000,0x00000000dcc80000)
  from space 9216K, 99% used [0x00000000dd580000,0x00000000dde7f568,0x00000000dde80000)
  to   space 7680K, 0% used [0x00000000de000000,0x00000000de000000,0x00000000de780000)
 ParOldGen       total 47104K, used 13413K [0x0000000080000000, 0x0000000082e00000, 0x00000000d5580000)
  object space 47104K, 28% used [0x0000000080000000,0x0000000080d19730,0x0000000082e00000)
 Metaspace       used 33355K, capacity 34824K, committed 34944K, reserved 1079296K
  class space    used 4351K, capacity 4659K, committed 4736K, reserved 1048576K
}
Event: 4.746 GC heap before
{Heap before GC invocations=9 (full 1):
 PSYoungGen      total 131072K, used 12997K [0x00000000d5580000, 0x00000000de780000, 0x0000000100000000)
  eden space 121856K, 3% used [0x00000000d5580000,0x00000000d59321a0,0x00000000dcc80000)
  from space 9216K, 99% used [0x00000000dd580000,0x00000000dde7f568,0x00000000dde80000)
  to   space 7680K, 0% used [0x00000000de000000,0x00000000de000000,0x00000000de780000)
 ParOldGen       total 47104K, used 13413K [0x0000000080000000, 0x0000000082e00000, 0x00000000d5580000)
  object space 47104K, 28% used [0x0000000080000000,0x0000000080d19730,0x0000000082e00000)
 Metaspace       used 33837K, capacity 35328K, committed 35416K, reserved 1079296K
  class space    used 4406K, capacity 4695K, committed 4736K, reserved 1048576K
Event: 4.758 GC heap after
Heap after GC invocations=9 (full 1):
 PSYoungGen      total 129536K, used 7652K [0x00000000d5580000, 0x00000000de780000, 0x0000000100000000)
  eden space 121856K, 0% used [0x00000000d5580000,0x00000000d5580000,0x00000000dcc80000)
  from space 7680K, 99% used [0x00000000de000000,0x00000000de779040,0x00000000de780000)
  to   space 9216K, 0% used [0x00000000dd580000,0x00000000dd580000,0x00000000dde80000)
 ParOldGen       total 47104K, used 15434K [0x0000000080000000, 0x0000000082e00000, 0x00000000d5580000)
  object space 47104K, 32% used [0x0000000080000000,0x0000000080f12918,0x0000000082e00000)
 Metaspace       used 33837K, capacity 35328K, committed 35416K, reserved 1079296K
  class space    used 4406K, capacity 4695K, committed 4736K, reserved 1048576K
}
Event: 4.758 GC heap before
{Heap before GC invocations=10 (full 2):
 PSYoungGen      total 129536K, used 7652K [0x00000000d5580000, 0x00000000de780000, 0x0000000100000000)
  eden space 121856K, 0% used [0x00000000d5580000,0x00000000d5580000,0x00000000dcc80000)
  from space 7680K, 99% used [0x00000000de000000,0x00000000de779040,0x00000000de780000)
  to   space 9216K, 0% used [0x00000000dd580000,0x00000000dd580000,0x00000000dde80000)
 ParOldGen       total 47104K, used 15434K [0x0000000080000000, 0x0000000082e00000, 0x00000000d5580000)
  object space 47104K, 32% used [0x0000000080000000,0x0000000080f12918,0x0000000082e00000)
 Metaspace       used 33837K, capacity 35328K, committed 35416K, reserved 1079296K
  class space    used 4406K, capacity 4695K, committed 4736K, reserved 1048576K
Event: 4.837 GC heap after
Heap after GC invocations=10 (full 2):
 PSYoungGen      total 129536K, used 0K [0x00000000d5580000, 0x00000000de780000, 0x0000000100000000)
  eden space 121856K, 0% used [0x00000000d5580000,0x00000000d5580000,0x00000000dcc80000)
  from space 7680K, 0% used [0x00000000de000000,0x00000000de000000,0x00000000de780000)
  to   space 9216K, 0% used [0x00000000dd580000,0x00000000dd580000,0x00000000dde80000)
 ParOldGen       total 71168K, used 17155K [0x0000000080000000, 0x0000000084580000, 0x00000000d5580000)
  object space 71168K, 24% used [0x0000000080000000,0x00000000810c0e50,0x0000000084580000)
 Metaspace       used 33837K, capacity 35328K, committed 35416K, reserved 1079296K
  class space    used 4406K, capacity 4695K, committed 4736K, reserved 1048576K
}
Event: 6.753 GC heap before
{Heap before GC invocations=11 (full 2):
 PSYoungGen      total 129536K, used 121856K [0x00000000d5580000, 0x00000000de780000, 0x0000000100000000)
  eden space 121856K, 100% used [0x00000000d5580000,0x00000000dcc80000,0x00000000dcc80000)
  from space 7680K, 0% used [0x00000000de000000,0x00000000de000000,0x00000000de780000)
  to   space 9216K, 0% used [0x00000000dd580000,0x00000000dd580000,0x00000000dde80000)
 ParOldGen       total 71168K, used 17155K [0x0000000080000000, 0x0000000084580000, 0x00000000d5580000)
  object space 71168K, 24% used [0x0000000080000000,0x00000000810c0e50,0x0000000084580000)
 Metaspace       used 41388K, capacity 43434K, committed 43480K, reserved 1087488K
  class space    used 5456K, capacity 5842K, committed 5888K, reserved 1048576K
Event: 6.770 GC heap after
Heap after GC invocations=11 (full 2):
 PSYoungGen      total 140288K, used 9212K [0x00000000d5580000, 0x00000000e1c80000, 0x0000000100000000)
  eden space 131072K, 0% used [0x00000000d5580000,0x00000000d5580000,0x00000000dd580000)
  from space 9216K, 99% used [0x00000000dd580000,0x00000000dde7f230,0x00000000dde80000)
  to   space 14848K, 0% used [0x00000000e0e00000,0x00000000e0e00000,0x00000000e1c80000)
 ParOldGen       total 71168K, used 18596K [0x0000000080000000, 0x0000000084580000, 0x00000000d5580000)
  object space 71168K, 26% used [0x0000000080000000,0x0000000081229348,0x0000000084580000)
 Metaspace       used 41388K, capacity 43434K, committed 43480K, reserved 1087488K
  class space    used 5456K, capacity 5842K, committed 5888K, reserved 1048576K
}

