# JRE version: Java(TM) SE Runtime Environment (8.0_121-b13) (build 1.8.0_121-b13)
# Java VM: Java HotSpot(TM) 64-Bit Server VM (25.121-b13 mixed mode windows-amd64 compressed oops)
Heap:
 PSYoungGen      total 38400K, used 24404K [0x00000000d5580000, 0x00000000d8000000, 0x0000000100000000)
  eden space 33280K, 66% used [0x00000000d5580000,0x00000000d6b1f7a0,0x00000000d7600000)
  from space 5120K, 44% used [0x00000000d7600000,0x00000000d7835bc0,0x00000000d7b00000)
  to   space 5120K, 0% used [0x00000000d7b00000,0x00000000d7b00000,0x00000000d8000000)
 ParOldGen       total 47104K, used 19299K [0x0000000080000000, 0x0000000082e00000, 0x00000000d5580000)
  object space 47104K, 40% used [0x0000000080000000,0x00000000812d8d20,0x0000000082e00000)
 Metaspace       used 40008K, capacity 41756K, committed 41944K, reserved 1087488K
  class space    used 5218K, capacity 5557K, committed 5632K, reserved 1048576K
GC Heap History (10 events):
Event: 4.425 GC heap before
{Heap before GC invocations=11 (full 1):
 PSYoungGen      total 38400K, used 38400K [0x00000000d5580000, 0x00000000d8000000, 0x0000000100000000)
  eden space 33280K, 100% used [0x00000000d5580000,0x00000000d7600000,0x00000000d7600000)
  from space 5120K, 100% used [0x00000000d7600000,0x00000000d7b00000,0x00000000d7b00000)
  to   space 5120K, 0% used [0x00000000d7b00000,0x00000000d7b00000,0x00000000d8000000)
 ParOldGen       total 47104K, used 10088K [0x0000000080000000, 0x0000000082e00000, 0x00000000d5580000)
  object space 47104K, 21% used [0x0000000080000000,0x00000000809da140,0x0000000082e00000)
 Metaspace       used 31447K, capacity 32912K, committed 33152K, reserved 1077248K
  class space    used 4101K, capacity 4367K, committed 4480K, reserved 1048576K
Event: 4.437 GC heap after
Heap after GC invocations=11 (full 1):
 PSYoungGen      total 38400K, used 3876K [0x00000000d5580000, 0x00000000d8000000, 0x0000000100000000)
  eden space 33280K, 0% used [0x00000000d5580000,0x00000000d5580000,0x00000000d7600000)
  from space 5120K, 75% used [0x00000000d7b00000,0x00000000d7ec9270,0x00000000d8000000)
  to   space 5120K, 0% used [0x00000000d7600000,0x00000000d7600000,0x00000000d7b00000)
 ParOldGen       total 47104K, used 13596K [0x0000000080000000, 0x0000000082e00000, 0x00000000d5580000)
  object space 47104K, 28% used [0x0000000080000000,0x0000000080d47170,0x0000000082e00000)
 Metaspace       used 31447K, capacity 32912K, committed 33152K, reserved 1077248K
  class space    used 4101K, capacity 4367K, committed 4480K, reserved 1048576K
}
Event: 4.870 GC heap before
{Heap before GC invocations=12 (full 1):
 PSYoungGen      total 38400K, used 26484K [0x00000000d5580000, 0x00000000d8000000, 0x0000000100000000)
  eden space 33280K, 67% used [0x00000000d5580000,0x00000000d6b93ea8,0x00000000d7600000)
  from space 5120K, 75% used [0x00000000d7b00000,0x00000000d7ec9270,0x00000000d8000000)
  to   space 5120K, 0% used [0x00000000d7600000,0x00000000d7600000,0x00000000d7b00000)
 ParOldGen       total 47104K, used 13596K [0x0000000080000000, 0x0000000082e00000, 0x00000000d5580000)
  object space 47104K, 28% used [0x0000000080000000,0x0000000080d47170,0x0000000082e00000)
 Metaspace       used 33848K, capacity 35328K, committed 35416K, reserved 1079296K
  class space    used 4406K, capacity 4695K, committed 4736K, reserved 1048576K
Event: 4.880 GC heap after
Heap after GC invocations=12 (full 1):
 PSYoungGen      total 38400K, used 5099K [0x00000000d5580000, 0x00000000d8000000, 0x0000000100000000)
  eden space 33280K, 0% used [0x00000000d5580000,0x00000000d5580000,0x00000000d7600000)
  from space 5120K, 99% used [0x00000000d7600000,0x00000000d7afac58,0x00000000d7b00000)
  to   space 5120K, 0% used [0x00000000d7b00000,0x00000000d7b00000,0x00000000d8000000)
 ParOldGen       total 47104K, used 17369K [0x0000000080000000, 0x0000000082e00000, 0x00000000d5580000)
  object space 47104K, 36% used [0x0000000080000000,0x00000000810f65c8,0x0000000082e00000)
 Metaspace       used 33848K, capacity 35328K, committed 35416K, reserved 1079296K
  class space    used 4406K, capacity 4695K, committed 4736K, reserved 1048576K
}
Event: 4.880 GC heap before
{Heap before GC invocations=13 (full 2):
 PSYoungGen      total 38400K, used 5099K [0x00000000d5580000, 0x00000000d8000000, 0x0000000100000000)
  eden space 33280K, 0% used [0x00000000d5580000,0x00000000d5580000,0x00000000d7600000)
  from space 5120K, 99% used [0x00000000d7600000,0x00000000d7afac58,0x00000000d7b00000)
  to   space 5120K, 0% used [0x00000000d7b00000,0x00000000d7b00000,0x00000000d8000000)
 ParOldGen       total 47104K, used 17369K [0x0000000080000000, 0x0000000082e00000, 0x00000000d5580000)
  object space 47104K, 36% used [0x0000000080000000,0x00000000810f65c8,0x0000000082e00000)
 Metaspace       used 33848K, capacity 35328K, committed 35416K, reserved 1079296K
  class space    used 4406K, capacity 4695K, committed 4736K, reserved 1048576K
Event: 4.968 GC heap after
Heap after GC invocations=13 (full 2):
 PSYoungGen      total 38400K, used 0K [0x00000000d5580000, 0x00000000d8000000, 0x0000000100000000)
  eden space 33280K, 0% used [0x00000000d5580000,0x00000000d5580000,0x00000000d7600000)
  from space 5120K, 0% used [0x00000000d7600000,0x00000000d7600000,0x00000000d7b00000)
  to   space 5120K, 0% used [0x00000000d7b00000,0x00000000d7b00000,0x00000000d8000000)
 ParOldGen       total 47104K, used 17890K [0x0000000080000000, 0x0000000082e00000, 0x00000000d5580000)
  object space 47104K, 37% used [0x0000000080000000,0x00000000811789c8,0x0000000082e00000)
 Metaspace       used 33848K, capacity 35328K, committed 35416K, reserved 1079296K
  class space    used 4406K, capacity 4695K, committed 4736K, reserved 1048576K
}
Event: 5.395 GC heap before
{Heap before GC invocations=14 (full 2):
 PSYoungGen      total 38400K, used 33280K [0x00000000d5580000, 0x00000000d8000000, 0x0000000100000000)
  eden space 33280K, 100% used [0x00000000d5580000,0x00000000d7600000,0x00000000d7600000)
  from space 5120K, 0% used [0x00000000d7600000,0x00000000d7600000,0x00000000d7b00000)
  to   space 5120K, 0% used [0x00000000d7b00000,0x00000000d7b00000,0x00000000d8000000)
 ParOldGen       total 47104K, used 17890K [0x0000000080000000, 0x0000000082e00000, 0x00000000d5580000)
  object space 47104K, 37% used [0x0000000080000000,0x00000000811789c8,0x0000000082e00000)
 Metaspace       used 35303K, capacity 36854K, committed 37208K, reserved 1081344K
  class space    used 4567K, capacity 4872K, committed 4992K, reserved 1048576K
Event: 5.399 GC heap after
Heap after GC invocations=14 (full 2):
 PSYoungGen      total 38400K, used 2491K [0x00000000d5580000, 0x00000000d8000000, 0x0000000100000000)
  eden space 33280K, 0% used [0x00000000d5580000,0x00000000d5580000,0x00000000d7600000)
  from space 5120K, 48% used [0x00000000d7b00000,0x00000000d7d6eca8,0x00000000d8000000)
  to   space 5120K, 0% used [0x00000000d7600000,0x00000000d7600000,0x00000000d7b00000)
 ParOldGen       total 47104K, used 17898K [0x0000000080000000, 0x0000000082e00000, 0x00000000d5580000)
  object space 47104K, 37% used [0x0000000080000000,0x000000008117a9c8,0x0000000082e00000)
 Metaspace       used 35303K, capacity 36854K, committed 37208K, reserved 1081344K
  class space    used 4567K, capacity 4872K, committed 4992K, reserved 1048576K
}
Event: 5.957 GC heap before
{Heap before GC invocations=15 (full 2):
 PSYoungGen      total 38400K, used 35771K [0x00000000d5580000, 0x00000000d8000000, 0x0000000100000000)
  eden space 33280K, 100% used [0x00000000d5580000,0x00000000d7600000,0x00000000d7600000)
  from space 5120K, 48% used [0x00000000d7b00000,0x00000000d7d6eca8,0x00000000d8000000)
  to   space 5120K, 0% used [0x00000000d7600000,0x00000000d7600000,0x00000000d7b00000)
 ParOldGen       total 47104K, used 17898K [0x0000000080000000, 0x0000000082e00000, 0x00000000d5580000)
  object space 47104K, 37% used [0x0000000080000000,0x000000008117a9c8,0x0000000082e00000)
 Metaspace       used 37483K, capacity 39122K, committed 39256K, reserved 1083392K
  class space    used 4839K, capacity 5158K, committed 5248K, reserved 1048576K
Event: 5.964 GC heap after
Heap after GC invocations=15 (full 2):
 PSYoungGen      total 38400K, used 2262K [0x00000000d5580000, 0x00000000d8000000, 0x0000000100000000)
  eden space 33280K, 0% used [0x00000000d5580000,0x00000000d5580000,0x00000000d7600000)
  from space 5120K, 44% used [0x00000000d7600000,0x00000000d7835bc0,0x00000000d7b00000)
  to   space 5120K, 0% used [0x00000000d7b00000,0x00000000d7b00000,0x00000000d8000000)
 ParOldGen       total 47104K, used 19299K [0x0000000080000000, 0x0000000082e00000, 0x00000000d5580000)
  object space 47104K, 40% used [0x0000000080000000,0x00000000812d8d20,0x0000000082e00000)
 Metaspace       used 37483K, capacity 39122K, committed 39256K, reserved 1083392K
  class space    used 4839K, capacity 5158K, committed 5248K, reserved 1048576K
}

