# JRE version: Java(TM) SE Runtime Environment (8.0_121-b13) (build 1.8.0_121-b13)
# Java VM: Java HotSpot(TM) 64-Bit Server VM (25.121-b13 mixed mode windows-amd64 compressed oops)
Heap:
 PSYoungGen      total 38400K, used 26058K [0x00000000d5580000, 0x00000000d9b00000, 0x0000000100000000)
  eden space 29696K, 73% used [0x00000000d5580000,0x00000000d6aac5d0,0x00000000d7280000)
  from space 8704K, 50% used [0x00000000d7280000,0x00000000d76c6370,0x00000000d7b00000)
  to   space 8704K, 0% used [0x00000000d9280000,0x00000000d9280000,0x00000000d9b00000)
 ParOldGen       total 47104K, used 5428K [0x0000000080000000, 0x0000000082e00000, 0x00000000d5580000)
  object space 47104K, 11% used [0x0000000080000000,0x000000008054d100,0x0000000082e00000)
 Metaspace       used 26621K, capacity 27428K, committed 27568K, reserved 1073152K
  class space    used 3448K, capacity 3655K, committed 3760K, reserved 1048576K
GC Heap History (10 events):
Event: 2.434 GC heap before
{Heap before GC invocations=4 (full 0):
 PSYoungGen      total 38400K, used 38397K [0x00000000d5580000, 0x00000000d8000000, 0x0000000100000000)
  eden space 33280K, 100% used [0x00000000d5580000,0x00000000d7600000,0x00000000d7600000)
  from space 5120K, 99% used [0x00000000d7600000,0x00000000d7aff5d0,0x00000000d7b00000)
  to   space 5120K, 0% used [0x00000000d7b00000,0x00000000d7b00000,0x00000000d8000000)
 ParOldGen       total 87552K, used 1225K [0x0000000080000000, 0x0000000085580000, 0x00000000d5580000)
  object space 87552K, 1% used [0x0000000080000000,0x0000000080132538,0x0000000085580000)
 Metaspace       used 20360K, capacity 20934K, committed 20992K, reserved 1067008K
  class space    used 2622K, capacity 2804K, committed 2816K, reserved 1048576K
Event: 2.445 GC heap after
Heap after GC invocations=4 (full 0):
 PSYoungGen      total 38400K, used 5117K [0x00000000d5580000, 0x00000000d8000000, 0x0000000100000000)
  eden space 33280K, 0% used [0x00000000d5580000,0x00000000d5580000,0x00000000d7600000)
  from space 5120K, 99% used [0x00000000d7b00000,0x00000000d7fff460,0x00000000d8000000)
  to   space 5120K, 0% used [0x00000000d7600000,0x00000000d7600000,0x00000000d7b00000)
 ParOldGen       total 87552K, used 4664K [0x0000000080000000, 0x0000000085580000, 0x00000000d5580000)
  object space 87552K, 5% used [0x0000000080000000,0x000000008048e1f8,0x0000000085580000)
 Metaspace       used 20360K, capacity 20934K, committed 20992K, reserved 1067008K
  class space    used 2622K, capacity 2804K, committed 2816K, reserved 1048576K
}
Event: 2.462 GC heap before
{Heap before GC invocations=5 (full 0):
 PSYoungGen      total 38400K, used 8203K [0x00000000d5580000, 0x00000000d8000000, 0x0000000100000000)
  eden space 33280K, 9% used [0x00000000d5580000,0x00000000d5883968,0x00000000d7600000)
  from space 5120K, 99% used [0x00000000d7b00000,0x00000000d7fff460,0x00000000d8000000)
  to   space 5120K, 0% used [0x00000000d7600000,0x00000000d7600000,0x00000000d7b00000)
 ParOldGen       total 87552K, used 4664K [0x0000000080000000, 0x0000000085580000, 0x00000000d5580000)
  object space 87552K, 5% used [0x0000000080000000,0x000000008048e1f8,0x0000000085580000)
 Metaspace       used 20653K, capacity 21222K, committed 21296K, reserved 1067008K
  class space    used 2658K, capacity 2836K, committed 2864K, reserved 1048576K
Event: 2.469 GC heap after
Heap after GC invocations=5 (full 0):
 PSYoungGen      total 38400K, used 5113K [0x00000000d5580000, 0x00000000d8000000, 0x0000000100000000)
  eden space 33280K, 0% used [0x00000000d5580000,0x00000000d5580000,0x00000000d7600000)
  from space 5120K, 99% used [0x00000000d7600000,0x00000000d7afe698,0x00000000d7b00000)
  to   space 5120K, 0% used [0x00000000d7b00000,0x00000000d7b00000,0x00000000d8000000)
 ParOldGen       total 87552K, used 4973K [0x0000000080000000, 0x0000000085580000, 0x00000000d5580000)
  object space 87552K, 5% used [0x0000000080000000,0x00000000804db448,0x0000000085580000)
 Metaspace       used 20653K, capacity 21222K, committed 21296K, reserved 1067008K
  class space    used 2658K, capacity 2836K, committed 2864K, reserved 1048576K
}
Event: 2.469 GC heap before
{Heap before GC invocations=6 (full 1):
 PSYoungGen      total 38400K, used 5113K [0x00000000d5580000, 0x00000000d8000000, 0x0000000100000000)
  eden space 33280K, 0% used [0x00000000d5580000,0x00000000d5580000,0x00000000d7600000)
  from space 5120K, 99% used [0x00000000d7600000,0x00000000d7afe698,0x00000000d7b00000)
  to   space 5120K, 0% used [0x00000000d7b00000,0x00000000d7b00000,0x00000000d8000000)
 ParOldGen       total 87552K, used 4973K [0x0000000080000000, 0x0000000085580000, 0x00000000d5580000)
  object space 87552K, 5% used [0x0000000080000000,0x00000000804db448,0x0000000085580000)
 Metaspace       used 20653K, capacity 21222K, committed 21296K, reserved 1067008K
  class space    used 2658K, capacity 2836K, committed 2864K, reserved 1048576K
Event: 2.505 GC heap after
Heap after GC invocations=6 (full 1):
 PSYoungGen      total 38400K, used 0K [0x00000000d5580000, 0x00000000d8000000, 0x0000000100000000)
  eden space 33280K, 0% used [0x00000000d5580000,0x00000000d5580000,0x00000000d7600000)
  from space 5120K, 0% used [0x00000000d7600000,0x00000000d7600000,0x00000000d7b00000)
  to   space 5120K, 0% used [0x00000000d7b00000,0x00000000d7b00000,0x00000000d8000000)
 ParOldGen       total 47104K, used 5412K [0x0000000080000000, 0x0000000082e00000, 0x00000000d5580000)
  object space 47104K, 11% used [0x0000000080000000,0x0000000080549100,0x0000000082e00000)
 Metaspace       used 20653K, capacity 21222K, committed 21296K, reserved 1067008K
  class space    used 2658K, capacity 2836K, committed 2864K, reserved 1048576K
}
Event: 2.708 GC heap before
{Heap before GC invocations=7 (full 1):
 PSYoungGen      total 38400K, used 33280K [0x00000000d5580000, 0x00000000d8000000, 0x0000000100000000)
  eden space 33280K, 100% used [0x00000000d5580000,0x00000000d7600000,0x00000000d7600000)
  from space 5120K, 0% used [0x00000000d7600000,0x00000000d7600000,0x00000000d7b00000)
  to   space 5120K, 0% used [0x00000000d7b00000,0x00000000d7b00000,0x00000000d8000000)
 ParOldGen       total 47104K, used 5412K [0x0000000080000000, 0x0000000082e00000, 0x00000000d5580000)
  object space 47104K, 11% used [0x0000000080000000,0x0000000080549100,0x0000000082e00000)
 Metaspace       used 23557K, capacity 24162K, committed 24240K, reserved 1071104K
  class space    used 3050K, capacity 3236K, committed 3248K, reserved 1048576K
Event: 2.712 GC heap after
Heap after GC invocations=7 (full 1):
 PSYoungGen      total 34816K, used 3664K [0x00000000d5580000, 0x00000000da200000, 0x0000000100000000)
  eden space 29696K, 0% used [0x00000000d5580000,0x00000000d5580000,0x00000000d7280000)
  from space 5120K, 71% used [0x00000000d7b00000,0x00000000d7e941c0,0x00000000d8000000)
  to   space 8704K, 0% used [0x00000000d7280000,0x00000000d7280000,0x00000000d7b00000)
 ParOldGen       total 47104K, used 5420K [0x0000000080000000, 0x0000000082e00000, 0x00000000d5580000)
  object space 47104K, 11% used [0x0000000080000000,0x000000008054b100,0x0000000082e00000)
 Metaspace       used 23557K, capacity 24162K, committed 24240K, reserved 1071104K
  class space    used 3050K, capacity 3236K, committed 3248K, reserved 1048576K
}
Event: 2.962 GC heap before
{Heap before GC invocations=8 (full 1):
 PSYoungGen      total 34816K, used 33360K [0x00000000d5580000, 0x00000000da200000, 0x0000000100000000)
  eden space 29696K, 100% used [0x00000000d5580000,0x00000000d7280000,0x00000000d7280000)
  from space 5120K, 71% used [0x00000000d7b00000,0x00000000d7e941c0,0x00000000d8000000)
  to   space 8704K, 0% used [0x00000000d7280000,0x00000000d7280000,0x00000000d7b00000)
 ParOldGen       total 47104K, used 5420K [0x0000000080000000, 0x0000000082e00000, 0x00000000d5580000)
  object space 47104K, 11% used [0x0000000080000000,0x000000008054b100,0x0000000082e00000)
 Metaspace       used 25214K, capacity 25976K, committed 26032K, reserved 1071104K
  class space    used 3259K, capacity 3467K, committed 3504K, reserved 1048576K
Event: 2.968 GC heap after
Heap after GC invocations=8 (full 1):
 PSYoungGen      total 38400K, used 4376K [0x00000000d5580000, 0x00000000d9b00000, 0x0000000100000000)
  eden space 29696K, 0% used [0x00000000d5580000,0x00000000d5580000,0x00000000d7280000)
  from space 8704K, 50% used [0x00000000d7280000,0x00000000d76c6370,0x00000000d7b00000)
  to   space 8704K, 0% used [0x00000000d9280000,0x00000000d9280000,0x00000000d9b00000)
 ParOldGen       total 47104K, used 5428K [0x0000000080000000, 0x0000000082e00000, 0x00000000d5580000)
  object space 47104K, 11% used [0x0000000080000000,0x000000008054d100,0x0000000082e00000)
 Metaspace       used 25214K, capacity 25976K, committed 26032K, reserved 1071104K
  class space    used 3259K, capacity 3467K, committed 3504K, reserved 1048576K
}

