# JRE version: Java(TM) SE Runtime Environment (8.0_121-b13) (build 1.8.0_121-b13)
# Java VM: Java HotSpot(TM) 64-Bit Server VM (25.121-b13 mixed mode windows-amd64 compressed oops)
Heap:
 PSYoungGen      total 239104K, used 132957K [0x00000000d5580000, 0x00000000e5e80000, 0x0000000100000000)
  eden space 224768K, 59% used [0x00000000d5580000,0x00000000dd757608,0x00000000e3100000)
  from space 14336K, 0% used [0x00000000e3f00000,0x00000000e3f00000,0x00000000e4d00000)
  to   space 14336K, 0% used [0x00000000e3100000,0x00000000e3100000,0x00000000e3f00000)
 ParOldGen       total 71168K, used 18355K [0x0000000080000000, 0x0000000084580000, 0x00000000d5580000)
  object space 71168K, 25% used [0x0000000080000000,0x00000000811ece78,0x0000000084580000)
 Metaspace       used 41500K, capacity 43504K, committed 43816K, reserved 1087488K
  class space    used 5469K, capacity 5843K, committed 5936K, reserved 1048576K
GC Heap History (10 events):
Event: 2.454 GC heap before
{Heap before GC invocations=6 (full 1):
 PSYoungGen      total 71680K, used 5088K [0x00000000d5580000, 0x00000000de880000, 0x0000000100000000)
  eden space 66560K, 0% used [0x00000000d5580000,0x00000000d5580000,0x00000000d9680000)
  from space 5120K, 99% used [0x00000000d9680000,0x00000000d9b78020,0x00000000d9b80000)
  to   space 8704K, 0% used [0x00000000de000000,0x00000000de000000,0x00000000de880000)
 ParOldGen       total 87552K, used 4897K [0x0000000080000000, 0x0000000085580000, 0x00000000d5580000)
  object space 87552K, 5% used [0x0000000080000000,0x00000000804c8438,0x0000000085580000)
 Metaspace       used 20710K, capacity 21216K, committed 21296K, reserved 1067008K
  class space    used 2658K, capacity 2835K, committed 2864K, reserved 1048576K
Event: 2.484 GC heap after
Heap after GC invocations=6 (full 1):
 PSYoungGen      total 71680K, used 0K [0x00000000d5580000, 0x00000000de880000, 0x0000000100000000)
  eden space 66560K, 0% used [0x00000000d5580000,0x00000000d5580000,0x00000000d9680000)
  from space 5120K, 0% used [0x00000000d9680000,0x00000000d9680000,0x00000000d9b80000)
  to   space 8704K, 0% used [0x00000000de000000,0x00000000de000000,0x00000000de880000)
 ParOldGen       total 46592K, used 5202K [0x0000000080000000, 0x0000000082d80000, 0x00000000d5580000)
  object space 46592K, 11% used [0x0000000080000000,0x0000000080514890,0x0000000082d80000)
 Metaspace       used 20710K, capacity 21216K, committed 21296K, reserved 1067008K
  class space    used 2658K, capacity 2835K, committed 2864K, reserved 1048576K
}
Event: 3.012 GC heap before
{Heap before GC invocations=7 (full 1):
 PSYoungGen      total 71680K, used 66560K [0x00000000d5580000, 0x00000000de880000, 0x0000000100000000)
  eden space 66560K, 100% used [0x00000000d5580000,0x00000000d9680000,0x00000000d9680000)
  from space 5120K, 0% used [0x00000000d9680000,0x00000000d9680000,0x00000000d9b80000)
  to   space 8704K, 0% used [0x00000000de000000,0x00000000de000000,0x00000000de880000)
 ParOldGen       total 46592K, used 5202K [0x0000000080000000, 0x0000000082d80000, 0x00000000d5580000)
  object space 46592K, 11% used [0x0000000080000000,0x0000000080514890,0x0000000082d80000)
 Metaspace       used 25411K, capacity 26116K, committed 26288K, reserved 1073152K
  class space    used 3275K, capacity 3469K, committed 3504K, reserved 1048576K
Event: 3.025 GC heap after
Heap after GC invocations=7 (full 1):
 PSYoungGen      total 130560K, used 7159K [0x00000000d5580000, 0x00000000de700000, 0x0000000100000000)
  eden space 123392K, 0% used [0x00000000d5580000,0x00000000d5580000,0x00000000dce00000)
  from space 7168K, 99% used [0x00000000de000000,0x00000000de6fde70,0x00000000de700000)
  to   space 9216K, 0% used [0x00000000dd500000,0x00000000dd500000,0x00000000dde00000)
 ParOldGen       total 46592K, used 5274K [0x0000000080000000, 0x0000000082d80000, 0x00000000d5580000)
  object space 46592K, 11% used [0x0000000080000000,0x00000000805268a0,0x0000000082d80000)
 Metaspace       used 25411K, capacity 26116K, committed 26288K, reserved 1073152K
  class space    used 3275K, capacity 3469K, committed 3504K, reserved 1048576K
}
Event: 4.985 GC heap before
{Heap before GC invocations=8 (full 1):
 PSYoungGen      total 130560K, used 130551K [0x00000000d5580000, 0x00000000de700000, 0x0000000100000000)
  eden space 123392K, 100% used [0x00000000d5580000,0x00000000dce00000,0x00000000dce00000)
  from space 7168K, 99% used [0x00000000de000000,0x00000000de6fde70,0x00000000de700000)
  to   space 9216K, 0% used [0x00000000dd500000,0x00000000dd500000,0x00000000dde00000)
 ParOldGen       total 46592K, used 5274K [0x0000000080000000, 0x0000000082d80000, 0x00000000d5580000)
  object space 46592K, 11% used [0x0000000080000000,0x00000000805268a0,0x0000000082d80000)
 Metaspace       used 33335K, capacity 34856K, committed 35120K, reserved 1079296K
  class space    used 4345K, capacity 4627K, committed 4656K, reserved 1048576K
Event: 5.011 GC heap after
Heap after GC invocations=8 (full 1):
 PSYoungGen      total 139776K, used 9190K [0x00000000d5580000, 0x00000000e4d00000, 0x0000000100000000)
  eden space 130560K, 0% used [0x00000000d5580000,0x00000000d5580000,0x00000000dd500000)
  from space 9216K, 99% used [0x00000000dd500000,0x00000000dddf9840,0x00000000dde00000)
  to   space 14336K, 0% used [0x00000000e3f00000,0x00000000e3f00000,0x00000000e4d00000)
 ParOldGen       total 46592K, used 13474K [0x0000000080000000, 0x0000000082d80000, 0x00000000d5580000)
  object space 46592K, 28% used [0x0000000080000000,0x0000000080d28978,0x0000000082d80000)
 Metaspace       used 33335K, capacity 34856K, committed 35120K, reserved 1079296K
  class space    used 4345K, capacity 4627K, committed 4656K, reserved 1048576K
}
Event: 5.115 GC heap before
{Heap before GC invocations=9 (full 1):
 PSYoungGen      total 139776K, used 15379K [0x00000000d5580000, 0x00000000e4d00000, 0x0000000100000000)
  eden space 130560K, 4% used [0x00000000d5580000,0x00000000d5b8b498,0x00000000dd500000)
  from space 9216K, 99% used [0x00000000dd500000,0x00000000dddf9840,0x00000000dde00000)
  to   space 14336K, 0% used [0x00000000e3f00000,0x00000000e3f00000,0x00000000e4d00000)
 ParOldGen       total 46592K, used 13474K [0x0000000080000000, 0x0000000082d80000, 0x00000000d5580000)
  object space 46592K, 28% used [0x0000000080000000,0x0000000080d28978,0x0000000082d80000)
 Metaspace       used 33908K, capacity 35340K, committed 35496K, reserved 1079296K
  class space    used 4411K, capacity 4697K, committed 4784K, reserved 1048576K
Event: 5.129 GC heap after
Heap after GC invocations=9 (full 1):
 PSYoungGen      total 239104K, used 9948K [0x00000000d5580000, 0x00000000e5e80000, 0x0000000100000000)
  eden space 224768K, 0% used [0x00000000d5580000,0x00000000d5580000,0x00000000e3100000)
  from space 14336K, 69% used [0x00000000e3f00000,0x00000000e48b7158,0x00000000e4d00000)
  to   space 14336K, 0% used [0x00000000e3100000,0x00000000e3100000,0x00000000e3f00000)
 ParOldGen       total 46592K, used 13482K [0x0000000080000000, 0x0000000082d80000, 0x00000000d5580000)
  object space 46592K, 28% used [0x0000000080000000,0x0000000080d2a978,0x0000000082d80000)
 Metaspace       used 33908K, capacity 35340K, committed 35496K, reserved 1079296K
  class space    used 4411K, capacity 4697K, committed 4784K, reserved 1048576K
}
Event: 5.129 GC heap before
{Heap before GC invocations=10 (full 2):
 PSYoungGen      total 239104K, used 9948K [0x00000000d5580000, 0x00000000e5e80000, 0x0000000100000000)
  eden space 224768K, 0% used [0x00000000d5580000,0x00000000d5580000,0x00000000e3100000)
  from space 14336K, 69% used [0x00000000e3f00000,0x00000000e48b7158,0x00000000e4d00000)
  to   space 14336K, 0% used [0x00000000e3100000,0x00000000e3100000,0x00000000e3f00000)
 ParOldGen       total 46592K, used 13482K [0x0000000080000000, 0x0000000082d80000, 0x00000000d5580000)
  object space 46592K, 28% used [0x0000000080000000,0x0000000080d2a978,0x0000000082d80000)
 Metaspace       used 33908K, capacity 35340K, committed 35496K, reserved 1079296K
  class space    used 4411K, capacity 4697K, committed 4784K, reserved 1048576K
Event: 5.201 GC heap after
Heap after GC invocations=10 (full 2):
 PSYoungGen      total 239104K, used 0K [0x00000000d5580000, 0x00000000e5e80000, 0x0000000100000000)
  eden space 224768K, 0% used [0x00000000d5580000,0x00000000d5580000,0x00000000e3100000)
  from space 14336K, 0% used [0x00000000e3f00000,0x00000000e3f00000,0x00000000e4d00000)
  to   space 14336K, 0% used [0x00000000e3100000,0x00000000e3100000,0x00000000e3f00000)
 ParOldGen       total 71168K, used 18355K [0x0000000080000000, 0x0000000084580000, 0x00000000d5580000)
  object space 71168K, 25% used [0x0000000080000000,0x00000000811ece78,0x0000000084580000)
 Metaspace       used 33908K, capacity 35340K, committed 35496K, reserved 1079296K
  class space    used 4411K, capacity 4697K, committed 4784K, reserved 1048576K
}

