# JRE version: Java(TM) SE Runtime Environment (8.0_121-b13) (build 1.8.0_121-b13)
# Java VM: Java HotSpot(TM) 64-Bit Server VM (25.121-b13 mixed mode windows-amd64 compressed oops)
Heap:
 PSYoungGen      total 216576K, used 59689K [0x00000000d5580000, 0x00000000e5680000, 0x0000000100000000)
  eden space 203776K, 29% used [0x00000000d5580000,0x00000000d8fca418,0x00000000e1c80000)
  from space 12800K, 0% used [0x00000000e2b00000,0x00000000e2b00000,0x00000000e3780000)
  to   space 14848K, 0% used [0x00000000e1c80000,0x00000000e1c80000,0x00000000e2b00000)
 ParOldGen       total 73216K, used 17813K [0x0000000080000000, 0x0000000084780000, 0x00000000d5580000)
  object space 73216K, 24% used [0x0000000080000000,0x0000000081165430,0x0000000084780000)
 Metaspace       used 35886K, capacity 37508K, committed 37720K, reserved 1081344K
  class space    used 4658K, capacity 4991K, committed 4992K, reserved 1048576K
GC Heap History (10 events):
Event: 2.579 GC heap before
{Heap before GC invocations=6 (full 1):
 PSYoungGen      total 71680K, used 5104K [0x00000000d5580000, 0x00000000de880000, 0x0000000100000000)
  eden space 66560K, 0% used [0x00000000d5580000,0x00000000d5580000,0x00000000d9680000)
  from space 5120K, 99% used [0x00000000d9680000,0x00000000d9b7c030,0x00000000d9b80000)
  to   space 8704K, 0% used [0x00000000de000000,0x00000000de000000,0x00000000de880000)
 ParOldGen       total 87552K, used 4882K [0x0000000080000000, 0x0000000085580000, 0x00000000d5580000)
  object space 87552K, 5% used [0x0000000080000000,0x00000000804c4bd0,0x0000000085580000)
 Metaspace       used 20663K, capacity 21190K, committed 21248K, reserved 1067008K
  class space    used 2642K, capacity 2804K, committed 2816K, reserved 1048576K
Event: 2.629 GC heap after
Heap after GC invocations=6 (full 1):
 PSYoungGen      total 71680K, used 0K [0x00000000d5580000, 0x00000000de880000, 0x0000000100000000)
  eden space 66560K, 0% used [0x00000000d5580000,0x00000000d5580000,0x00000000d9680000)
  from space 5120K, 0% used [0x00000000d9680000,0x00000000d9680000,0x00000000d9b80000)
  to   space 8704K, 0% used [0x00000000de000000,0x00000000de000000,0x00000000de880000)
 ParOldGen       total 48640K, used 5278K [0x0000000080000000, 0x0000000082f80000, 0x00000000d5580000)
  object space 48640K, 10% used [0x0000000080000000,0x0000000080527a00,0x0000000082f80000)
 Metaspace       used 20663K, capacity 21190K, committed 21248K, reserved 1067008K
  class space    used 2642K, capacity 2804K, committed 2816K, reserved 1048576K
}
Event: 3.452 GC heap before
{Heap before GC invocations=7 (full 1):
 PSYoungGen      total 71680K, used 66560K [0x00000000d5580000, 0x00000000de880000, 0x0000000100000000)
  eden space 66560K, 100% used [0x00000000d5580000,0x00000000d9680000,0x00000000d9680000)
  from space 5120K, 0% used [0x00000000d9680000,0x00000000d9680000,0x00000000d9b80000)
  to   space 8704K, 0% used [0x00000000de000000,0x00000000de000000,0x00000000de880000)
 ParOldGen       total 48640K, used 5278K [0x0000000080000000, 0x0000000082f80000, 0x00000000d5580000)
  object space 48640K, 10% used [0x0000000080000000,0x0000000080527a00,0x0000000082f80000)
 Metaspace       used 25563K, capacity 26256K, committed 26624K, reserved 1073152K
  class space    used 3286K, capacity 3471K, committed 3584K, reserved 1048576K
Event: 3.469 GC heap after
Heap after GC invocations=7 (full 1):
 PSYoungGen      total 125952K, used 7394K [0x00000000d5580000, 0x00000000de780000, 0x0000000100000000)
  eden space 118272K, 0% used [0x00000000d5580000,0x00000000d5580000,0x00000000dc900000)
  from space 7680K, 96% used [0x00000000de000000,0x00000000de738900,0x00000000de780000)
  to   space 9216K, 0% used [0x00000000dd580000,0x00000000dd580000,0x00000000dde80000)
 ParOldGen       total 48640K, used 5350K [0x0000000080000000, 0x0000000082f80000, 0x00000000d5580000)
  object space 48640K, 11% used [0x0000000080000000,0x0000000080539a10,0x0000000082f80000)
 Metaspace       used 25563K, capacity 26256K, committed 26624K, reserved 1073152K
  class space    used 3286K, capacity 3471K, committed 3584K, reserved 1048576K
}
Event: 5.447 GC heap before
{Heap before GC invocations=8 (full 1):
 PSYoungGen      total 125952K, used 125666K [0x00000000d5580000, 0x00000000de780000, 0x0000000100000000)
  eden space 118272K, 100% used [0x00000000d5580000,0x00000000dc900000,0x00000000dc900000)
  from space 7680K, 96% used [0x00000000de000000,0x00000000de738900,0x00000000de780000)
  to   space 9216K, 0% used [0x00000000dd580000,0x00000000dd580000,0x00000000dde80000)
 ParOldGen       total 48640K, used 5350K [0x0000000080000000, 0x0000000082f80000, 0x00000000d5580000)
  object space 48640K, 11% used [0x0000000080000000,0x0000000080539a10,0x0000000082f80000)
 Metaspace       used 32789K, capacity 34280K, committed 34560K, reserved 1079296K
  class space    used 4266K, capacity 4563K, committed 4608K, reserved 1048576K
Event: 5.479 GC heap after
Heap after GC invocations=8 (full 1):
 PSYoungGen      total 140288K, used 9188K [0x00000000d5580000, 0x00000000e3780000, 0x0000000100000000)
  eden space 131072K, 0% used [0x00000000d5580000,0x00000000d5580000,0x00000000dd580000)
  from space 9216K, 99% used [0x00000000dd580000,0x00000000dde79040,0x00000000dde80000)
  to   space 12800K, 0% used [0x00000000e2b00000,0x00000000e2b00000,0x00000000e3780000)
 ParOldGen       total 48640K, used 10480K [0x0000000080000000, 0x0000000082f80000, 0x00000000d5580000)
  object space 48640K, 21% used [0x0000000080000000,0x0000000080a3c018,0x0000000082f80000)
 Metaspace       used 32789K, capacity 34280K, committed 34560K, reserved 1079296K
  class space    used 4266K, capacity 4563K, committed 4608K, reserved 1048576K
}
Event: 5.670 GC heap before
{Heap before GC invocations=9 (full 1):
 PSYoungGen      total 140288K, used 19298K [0x00000000d5580000, 0x00000000e3780000, 0x0000000100000000)
  eden space 131072K, 7% used [0x00000000d5580000,0x00000000d5f5fbb8,0x00000000dd580000)
  from space 9216K, 99% used [0x00000000dd580000,0x00000000dde79040,0x00000000dde80000)
  to   space 12800K, 0% used [0x00000000e2b00000,0x00000000e2b00000,0x00000000e3780000)
 ParOldGen       total 48640K, used 10480K [0x0000000080000000, 0x0000000082f80000, 0x00000000d5580000)
  object space 48640K, 21% used [0x0000000080000000,0x0000000080a3c018,0x0000000082f80000)
 Metaspace       used 33893K, capacity 35328K, committed 35416K, reserved 1079296K
  class space    used 4406K, capacity 4695K, committed 4736K, reserved 1048576K
Event: 5.694 GC heap after
Heap after GC invocations=9 (full 1):
 PSYoungGen      total 216576K, used 12787K [0x00000000d5580000, 0x00000000e5680000, 0x0000000100000000)
  eden space 203776K, 0% used [0x00000000d5580000,0x00000000d5580000,0x00000000e1c80000)
  from space 12800K, 99% used [0x00000000e2b00000,0x00000000e377cf20,0x00000000e3780000)
  to   space 14848K, 0% used [0x00000000e1c80000,0x00000000e1c80000,0x00000000e2b00000)
 ParOldGen       total 48640K, used 10488K [0x0000000080000000, 0x0000000082f80000, 0x00000000d5580000)
  object space 48640K, 21% used [0x0000000080000000,0x0000000080a3e018,0x0000000082f80000)
 Metaspace       used 33893K, capacity 35328K, committed 35416K, reserved 1079296K
  class space    used 4406K, capacity 4695K, committed 4736K, reserved 1048576K
}
Event: 5.694 GC heap before
{Heap before GC invocations=10 (full 2):
 PSYoungGen      total 216576K, used 12787K [0x00000000d5580000, 0x00000000e5680000, 0x0000000100000000)
  eden space 203776K, 0% used [0x00000000d5580000,0x00000000d5580000,0x00000000e1c80000)
  from space 12800K, 99% used [0x00000000e2b00000,0x00000000e377cf20,0x00000000e3780000)
  to   space 14848K, 0% used [0x00000000e1c80000,0x00000000e1c80000,0x00000000e2b00000)
 ParOldGen       total 48640K, used 10488K [0x0000000080000000, 0x0000000082f80000, 0x00000000d5580000)
  object space 48640K, 21% used [0x0000000080000000,0x0000000080a3e018,0x0000000082f80000)
 Metaspace       used 33893K, capacity 35328K, committed 35416K, reserved 1079296K
  class space    used 4406K, capacity 4695K, committed 4736K, reserved 1048576K
Event: 5.778 GC heap after
Heap after GC invocations=10 (full 2):
 PSYoungGen      total 216576K, used 0K [0x00000000d5580000, 0x00000000e5680000, 0x0000000100000000)
  eden space 203776K, 0% used [0x00000000d5580000,0x00000000d5580000,0x00000000e1c80000)
  from space 12800K, 0% used [0x00000000e2b00000,0x00000000e2b00000,0x00000000e3780000)
  to   space 14848K, 0% used [0x00000000e1c80000,0x00000000e1c80000,0x00000000e2b00000)
 ParOldGen       total 73216K, used 17813K [0x0000000080000000, 0x0000000084780000, 0x00000000d5580000)
  object space 73216K, 24% used [0x0000000080000000,0x0000000081165430,0x0000000084780000)
 Metaspace       used 33893K, capacity 35328K, committed 35416K, reserved 1079296K
  class space    used 4406K, capacity 4695K, committed 4736K, reserved 1048576K
}

