# JRE version: Java(TM) SE Runtime Environment (8.0_121-b13) (build 1.8.0_121-b13)
# Java VM: Java HotSpot(TM) 64-Bit Server VM (25.121-b13 mixed mode windows-amd64 compressed oops)
Heap:
 PSYoungGen      total 140288K, used 50313K [0x00000000d5580000, 0x00000000e2180000, 0x0000000100000000)
  eden space 131072K, 31% used [0x00000000d5580000,0x00000000d7da4a30,0x00000000dd580000)
  from space 9216K, 99% used [0x00000000dd580000,0x00000000dde7dad0,0x00000000dde80000)
  to   space 14848K, 0% used [0x00000000e1300000,0x00000000e1300000,0x00000000e2180000)
 ParOldGen       total 68608K, used 18470K [0x0000000080000000, 0x0000000084300000, 0x00000000d5580000)
  object space 68608K, 26% used [0x0000000080000000,0x0000000081209960,0x0000000084300000)
 Metaspace       used 42105K, capacity 44176K, committed 44376K, reserved 1087488K
  class space    used 5548K, capacity 5929K, committed 6016K, reserved 1048576K
GC Heap History (10 events):
Event: 3.074 GC heap before
{Heap before GC invocations=7 (full 1):
 PSYoungGen      total 71680K, used 66560K [0x00000000d5580000, 0x00000000de880000, 0x0000000100000000)
  eden space 66560K, 100% used [0x00000000d5580000,0x00000000d9680000,0x00000000d9680000)
  from space 5120K, 0% used [0x00000000d9680000,0x00000000d9680000,0x00000000d9b80000)
  to   space 8704K, 0% used [0x00000000de000000,0x00000000de000000,0x00000000de880000)
 ParOldGen       total 46592K, used 5349K [0x0000000080000000, 0x0000000082d80000, 0x00000000d5580000)
  object space 46592K, 11% used [0x0000000080000000,0x0000000080539738,0x0000000082d80000)
 Metaspace       used 25564K, capacity 26286K, committed 26624K, reserved 1073152K
  class space    used 3291K, capacity 3478K, committed 3584K, reserved 1048576K
Event: 3.087 GC heap after
Heap after GC invocations=7 (full 1):
 PSYoungGen      total 130560K, used 7348K [0x00000000d5580000, 0x00000000de780000, 0x0000000100000000)
  eden space 122880K, 0% used [0x00000000d5580000,0x00000000d5580000,0x00000000dcd80000)
  from space 7680K, 95% used [0x00000000de000000,0x00000000de72d130,0x00000000de780000)
  to   space 9216K, 0% used [0x00000000dd580000,0x00000000dd580000,0x00000000dde80000)
 ParOldGen       total 46592K, used 5421K [0x0000000080000000, 0x0000000082d80000, 0x00000000d5580000)
  object space 46592K, 11% used [0x0000000080000000,0x000000008054b748,0x0000000082d80000)
 Metaspace       used 25564K, capacity 26286K, committed 26624K, reserved 1073152K
  class space    used 3291K, capacity 3478K, committed 3584K, reserved 1048576K
}
Event: 4.919 GC heap before
{Heap before GC invocations=8 (full 1):
 PSYoungGen      total 130560K, used 130228K [0x00000000d5580000, 0x00000000de780000, 0x0000000100000000)
  eden space 122880K, 100% used [0x00000000d5580000,0x00000000dcd80000,0x00000000dcd80000)
  from space 7680K, 95% used [0x00000000de000000,0x00000000de72d130,0x00000000de780000)
  to   space 9216K, 0% used [0x00000000dd580000,0x00000000dd580000,0x00000000dde80000)
 ParOldGen       total 46592K, used 5421K [0x0000000080000000, 0x0000000082d80000, 0x00000000d5580000)
  object space 46592K, 11% used [0x0000000080000000,0x000000008054b748,0x0000000082d80000)
 Metaspace       used 33748K, capacity 35264K, committed 35416K, reserved 1079296K
  class space    used 4390K, capacity 4695K, committed 4736K, reserved 1048576K
Event: 4.973 GC heap after
Heap after GC invocations=8 (full 1):
 PSYoungGen      total 132096K, used 9188K [0x00000000d5580000, 0x00000000de780000, 0x0000000100000000)
  eden space 122880K, 0% used [0x00000000d5580000,0x00000000d5580000,0x00000000dcd80000)
  from space 9216K, 99% used [0x00000000dd580000,0x00000000dde790a0,0x00000000dde80000)
  to   space 7680K, 0% used [0x00000000de000000,0x00000000de000000,0x00000000de780000)
 ParOldGen       total 46592K, used 13907K [0x0000000080000000, 0x0000000082d80000, 0x00000000d5580000)
  object space 46592K, 29% used [0x0000000080000000,0x0000000080d94fb0,0x0000000082d80000)
 Metaspace       used 33748K, capacity 35264K, committed 35416K, reserved 1079296K
  class space    used 4390K, capacity 4695K, committed 4736K, reserved 1048576K
}
Event: 5.026 GC heap before
{Heap before GC invocations=9 (full 1):
 PSYoungGen      total 132096K, used 11232K [0x00000000d5580000, 0x00000000de780000, 0x0000000100000000)
  eden space 122880K, 1% used [0x00000000d5580000,0x00000000d577efa8,0x00000000dcd80000)
  from space 9216K, 99% used [0x00000000dd580000,0x00000000dde790a0,0x00000000dde80000)
  to   space 7680K, 0% used [0x00000000de000000,0x00000000de000000,0x00000000de780000)
 ParOldGen       total 46592K, used 13907K [0x0000000080000000, 0x0000000082d80000, 0x00000000d5580000)
  object space 46592K, 29% used [0x0000000080000000,0x0000000080d94fb0,0x0000000082d80000)
 Metaspace       used 33877K, capacity 35340K, committed 35416K, reserved 1079296K
  class space    used 4404K, capacity 4697K, committed 4736K, reserved 1048576K
Event: 5.040 GC heap after
Heap after GC invocations=9 (full 1):
 PSYoungGen      total 130560K, used 7667K [0x00000000d5580000, 0x00000000de780000, 0x0000000100000000)
  eden space 122880K, 0% used [0x00000000d5580000,0x00000000d5580000,0x00000000dcd80000)
  from space 7680K, 99% used [0x00000000de000000,0x00000000de77cc50,0x00000000de780000)
  to   space 9216K, 0% used [0x00000000dd580000,0x00000000dd580000,0x00000000dde80000)
 ParOldGen       total 46592K, used 15598K [0x0000000080000000, 0x0000000082d80000, 0x00000000d5580000)
  object space 46592K, 33% used [0x0000000080000000,0x0000000080f3ba30,0x0000000082d80000)
 Metaspace       used 33877K, capacity 35340K, committed 35416K, reserved 1079296K
  class space    used 4404K, capacity 4697K, committed 4736K, reserved 1048576K
}
Event: 5.040 GC heap before
{Heap before GC invocations=10 (full 2):
 PSYoungGen      total 130560K, used 7667K [0x00000000d5580000, 0x00000000de780000, 0x0000000100000000)
  eden space 122880K, 0% used [0x00000000d5580000,0x00000000d5580000,0x00000000dcd80000)
  from space 7680K, 99% used [0x00000000de000000,0x00000000de77cc50,0x00000000de780000)
  to   space 9216K, 0% used [0x00000000dd580000,0x00000000dd580000,0x00000000dde80000)
 ParOldGen       total 46592K, used 15598K [0x0000000080000000, 0x0000000082d80000, 0x00000000d5580000)
  object space 46592K, 33% used [0x0000000080000000,0x0000000080f3ba30,0x0000000082d80000)
 Metaspace       used 33877K, capacity 35340K, committed 35416K, reserved 1079296K
  class space    used 4404K, capacity 4697K, committed 4736K, reserved 1048576K
Event: 5.127 GC heap after
Heap after GC invocations=10 (full 2):
 PSYoungGen      total 130560K, used 0K [0x00000000d5580000, 0x00000000de780000, 0x0000000100000000)
  eden space 122880K, 0% used [0x00000000d5580000,0x00000000d5580000,0x00000000dcd80000)
  from space 7680K, 0% used [0x00000000de000000,0x00000000de000000,0x00000000de780000)
  to   space 9216K, 0% used [0x00000000dd580000,0x00000000dd580000,0x00000000dde80000)
 ParOldGen       total 68608K, used 17005K [0x0000000080000000, 0x0000000084300000, 0x00000000d5580000)
  object space 68608K, 24% used [0x0000000080000000,0x000000008109b638,0x0000000084300000)
 Metaspace       used 33877K, capacity 35340K, committed 35416K, reserved 1079296K
  class space    used 4404K, capacity 4697K, committed 4736K, reserved 1048576K
}
Event: 7.044 GC heap before
{Heap before GC invocations=11 (full 2):
 PSYoungGen      total 130560K, used 122880K [0x00000000d5580000, 0x00000000de780000, 0x0000000100000000)
  eden space 122880K, 100% used [0x00000000d5580000,0x00000000dcd80000,0x00000000dcd80000)
  from space 7680K, 0% used [0x00000000de000000,0x00000000de000000,0x00000000de780000)
  to   space 9216K, 0% used [0x00000000dd580000,0x00000000dd580000,0x00000000dde80000)
 ParOldGen       total 68608K, used 17005K [0x0000000080000000, 0x0000000084300000, 0x00000000d5580000)
  object space 68608K, 24% used [0x0000000080000000,0x000000008109b638,0x0000000084300000)
 Metaspace       used 41462K, capacity 43562K, committed 43736K, reserved 1087488K
  class space    used 5456K, capacity 5842K, committed 5888K, reserved 1048576K
Event: 7.061 GC heap after
Heap after GC invocations=11 (full 2):
 PSYoungGen      total 140288K, used 9206K [0x00000000d5580000, 0x00000000e2180000, 0x0000000100000000)
  eden space 131072K, 0% used [0x00000000d5580000,0x00000000d5580000,0x00000000dd580000)
  from space 9216K, 99% used [0x00000000dd580000,0x00000000dde7dad0,0x00000000dde80000)
  to   space 14848K, 0% used [0x00000000e1300000,0x00000000e1300000,0x00000000e2180000)
 ParOldGen       total 68608K, used 18470K [0x0000000080000000, 0x0000000084300000, 0x00000000d5580000)
  object space 68608K, 26% used [0x0000000080000000,0x0000000081209960,0x0000000084300000)
 Metaspace       used 41462K, capacity 43562K, committed 43736K, reserved 1087488K
  class space    used 5456K, capacity 5842K, committed 5888K, reserved 1048576K
}

