# JRE version: Java(TM) SE Runtime Environment (8.0_121-b13) (build 1.8.0_121-b13)
# Java VM: Java HotSpot(TM) 64-Bit Server VM (25.121-b13 mixed mode windows-amd64 compressed oops)
Heap:
 PSYoungGen      total 230912K, used 135412K [0x00000000d5580000, 0x00000000e6200000, 0x0000000100000000)
  eden space 216576K, 55% used [0x00000000d5580000,0x00000000dcbbf520,0x00000000e2900000)
  from space 14336K, 99% used [0x00000000e2900000,0x00000000e36fdc28,0x00000000e3700000)
  to   space 14336K, 0% used [0x00000000e3700000,0x00000000e3700000,0x00000000e4500000)
 ParOldGen       total 70656K, used 17672K [0x0000000080000000, 0x0000000084500000, 0x00000000d5580000)
  object space 70656K, 25% used [0x0000000080000000,0x0000000081142248,0x0000000084500000)
 Metaspace       used 46103K, capacity 48654K, committed 48856K, reserved 1091584K
  class space    used 6125K, capacity 6560K, committed 6656K, reserved 1048576K
GC Heap History (10 events):
Event: 3.069 GC heap before
{Heap before GC invocations=7 (full 1):
 PSYoungGen      total 71680K, used 66560K [0x00000000d5580000, 0x00000000de780000, 0x0000000100000000)
  eden space 66560K, 100% used [0x00000000d5580000,0x00000000d9680000,0x00000000d9680000)
  from space 5120K, 0% used [0x00000000d9680000,0x00000000d9680000,0x00000000d9b80000)
  to   space 8192K, 0% used [0x00000000ddf80000,0x00000000ddf80000,0x00000000de780000)
 ParOldGen       total 47616K, used 5544K [0x0000000080000000, 0x0000000082e80000, 0x00000000d5580000)
  object space 47616K, 11% used [0x0000000080000000,0x000000008056a090,0x0000000082e80000)
 Metaspace       used 25739K, capacity 26490K, committed 26624K, reserved 1073152K
  class space    used 3323K, capacity 3522K, committed 3584K, reserved 1048576K
Event: 3.081 GC heap after
Heap after GC invocations=7 (full 1):
 PSYoungGen      total 129024K, used 7574K [0x00000000d5580000, 0x00000000de700000, 0x0000000100000000)
  eden space 121344K, 0% used [0x00000000d5580000,0x00000000d5580000,0x00000000dcc00000)
  from space 7680K, 98% used [0x00000000ddf80000,0x00000000de6e5b20,0x00000000de700000)
  to   space 9216K, 0% used [0x00000000dd500000,0x00000000dd500000,0x00000000dde00000)
 ParOldGen       total 47616K, used 5616K [0x0000000080000000, 0x0000000082e80000, 0x00000000d5580000)
  object space 47616K, 11% used [0x0000000080000000,0x000000008057c0a0,0x0000000082e80000)
 Metaspace       used 25739K, capacity 26490K, committed 26624K, reserved 1073152K
  class space    used 3323K, capacity 3522K, committed 3584K, reserved 1048576K
}
Event: 4.878 GC heap before
{Heap before GC invocations=8 (full 1):
 PSYoungGen      total 129024K, used 128918K [0x00000000d5580000, 0x00000000de700000, 0x0000000100000000)
  eden space 121344K, 100% used [0x00000000d5580000,0x00000000dcc00000,0x00000000dcc00000)
  from space 7680K, 98% used [0x00000000ddf80000,0x00000000de6e5b20,0x00000000de700000)
  to   space 9216K, 0% used [0x00000000dd500000,0x00000000dd500000,0x00000000dde00000)
 ParOldGen       total 47616K, used 5616K [0x0000000080000000, 0x0000000082e80000, 0x00000000d5580000)
  object space 47616K, 11% used [0x0000000080000000,0x000000008057c0a0,0x0000000082e80000)
 Metaspace       used 33527K, capacity 34986K, committed 35200K, reserved 1079296K
  class space    used 4365K, capacity 4628K, committed 4736K, reserved 1048576K
Event: 4.908 GC heap after
Heap after GC invocations=8 (full 1):
 PSYoungGen      total 139776K, used 9215K [0x00000000d5580000, 0x00000000e4500000, 0x0000000100000000)
  eden space 130560K, 0% used [0x00000000d5580000,0x00000000d5580000,0x00000000dd500000)
  from space 9216K, 99% used [0x00000000dd500000,0x00000000dddffc60,0x00000000dde00000)
  to   space 14336K, 0% used [0x00000000e3700000,0x00000000e3700000,0x00000000e4500000)
 ParOldGen       total 47616K, used 13752K [0x0000000080000000, 0x0000000082e80000, 0x00000000d5580000)
  object space 47616K, 28% used [0x0000000080000000,0x0000000080d6e130,0x0000000082e80000)
 Metaspace       used 33527K, capacity 34986K, committed 35200K, reserved 1079296K
  class space    used 4365K, capacity 4628K, committed 4736K, reserved 1048576K
}
Event: 4.982 GC heap before
{Heap before GC invocations=9 (full 1):
 PSYoungGen      total 139776K, used 13381K [0x00000000d5580000, 0x00000000e4500000, 0x0000000100000000)
  eden space 130560K, 3% used [0x00000000d5580000,0x00000000d59919f8,0x00000000dd500000)
  from space 9216K, 99% used [0x00000000dd500000,0x00000000dddffc60,0x00000000dde00000)
  to   space 14336K, 0% used [0x00000000e3700000,0x00000000e3700000,0x00000000e4500000)
 ParOldGen       total 47616K, used 13752K [0x0000000080000000, 0x0000000082e80000, 0x00000000d5580000)
  object space 47616K, 28% used [0x0000000080000000,0x0000000080d6e130,0x0000000082e80000)
 Metaspace       used 33881K, capacity 35336K, committed 35416K, reserved 1079296K
  class space    used 4408K, capacity 4697K, committed 4736K, reserved 1048576K
Event: 5.007 GC heap after
Heap after GC invocations=9 (full 1):
 PSYoungGen      total 230912K, used 9673K [0x00000000d5580000, 0x00000000e6200000, 0x0000000100000000)
  eden space 216576K, 0% used [0x00000000d5580000,0x00000000d5580000,0x00000000e2900000)
  from space 14336K, 67% used [0x00000000e3700000,0x00000000e4072580,0x00000000e4500000)
  to   space 14336K, 0% used [0x00000000e2900000,0x00000000e2900000,0x00000000e3700000)
 ParOldGen       total 47616K, used 13760K [0x0000000080000000, 0x0000000082e80000, 0x00000000d5580000)
  object space 47616K, 28% used [0x0000000080000000,0x0000000080d70130,0x0000000082e80000)
 Metaspace       used 33881K, capacity 35336K, committed 35416K, reserved 1079296K
  class space    used 4408K, capacity 4697K, committed 4736K, reserved 1048576K
}
Event: 5.007 GC heap before
{Heap before GC invocations=10 (full 2):
 PSYoungGen      total 230912K, used 9673K [0x00000000d5580000, 0x00000000e6200000, 0x0000000100000000)
  eden space 216576K, 0% used [0x00000000d5580000,0x00000000d5580000,0x00000000e2900000)
  from space 14336K, 67% used [0x00000000e3700000,0x00000000e4072580,0x00000000e4500000)
  to   space 14336K, 0% used [0x00000000e2900000,0x00000000e2900000,0x00000000e3700000)
 ParOldGen       total 47616K, used 13760K [0x0000000080000000, 0x0000000082e80000, 0x00000000d5580000)
  object space 47616K, 28% used [0x0000000080000000,0x0000000080d70130,0x0000000082e80000)
 Metaspace       used 33881K, capacity 35336K, committed 35416K, reserved 1079296K
  class space    used 4408K, capacity 4697K, committed 4736K, reserved 1048576K
Event: 5.101 GC heap after
Heap after GC invocations=10 (full 2):
 PSYoungGen      total 230912K, used 0K [0x00000000d5580000, 0x00000000e6200000, 0x0000000100000000)
  eden space 216576K, 0% used [0x00000000d5580000,0x00000000d5580000,0x00000000e2900000)
  from space 14336K, 0% used [0x00000000e3700000,0x00000000e3700000,0x00000000e4500000)
  to   space 14336K, 0% used [0x00000000e2900000,0x00000000e2900000,0x00000000e3700000)
 ParOldGen       total 70656K, used 17136K [0x0000000080000000, 0x0000000084500000, 0x00000000d5580000)
  object space 70656K, 24% used [0x0000000080000000,0x00000000810bc0b8,0x0000000084500000)
 Metaspace       used 33881K, capacity 35336K, committed 35416K, reserved 1079296K
  class space    used 4408K, capacity 4697K, committed 4736K, reserved 1048576K
}
Event: 8.223 GC heap before
{Heap before GC invocations=11 (full 2):
 PSYoungGen      total 230912K, used 216576K [0x00000000d5580000, 0x00000000e6200000, 0x0000000100000000)
  eden space 216576K, 100% used [0x00000000d5580000,0x00000000e2900000,0x00000000e2900000)
  from space 14336K, 0% used [0x00000000e3700000,0x00000000e3700000,0x00000000e4500000)
  to   space 14336K, 0% used [0x00000000e2900000,0x00000000e2900000,0x00000000e3700000)
 ParOldGen       total 70656K, used 17136K [0x0000000080000000, 0x0000000084500000, 0x00000000d5580000)
  object space 70656K, 24% used [0x0000000080000000,0x00000000810bc0b8,0x0000000084500000)
 Metaspace       used 43129K, capacity 45310K, committed 45528K, reserved 1089536K
  class space    used 5699K, capacity 6070K, committed 6144K, reserved 1048576K
Event: 8.253 GC heap after
Heap after GC invocations=11 (full 2):
 PSYoungGen      total 230912K, used 14327K [0x00000000d5580000, 0x00000000e6200000, 0x0000000100000000)
  eden space 216576K, 0% used [0x00000000d5580000,0x00000000d5580000,0x00000000e2900000)
  from space 14336K, 99% used [0x00000000e2900000,0x00000000e36fdc28,0x00000000e3700000)
  to   space 14336K, 0% used [0x00000000e3700000,0x00000000e3700000,0x00000000e4500000)
 ParOldGen       total 70656K, used 17672K [0x0000000080000000, 0x0000000084500000, 0x00000000d5580000)
  object space 70656K, 25% used [0x0000000080000000,0x0000000081142248,0x0000000084500000)
 Metaspace       used 43129K, capacity 45310K, committed 45528K, reserved 1089536K
  class space    used 5699K, capacity 6070K, committed 6144K, reserved 1048576K
}

